<?xml version="1.0" encoding="UTF-8"?>
<!-- Generated by org.testng.reporters.JUnitXMLReporter -->
<testsuite ignored="0" hostname="Mini.local" failures="2" tests="2" name="Test Basics 1" time="34.51" errors="0" timestamp="2023-08-13T14:34:19 JST">
  <testcase classname="test.LoginTest" name="login" time="6.375">
    <failure type="java.lang.StackOverflowError">
      <![CDATA[java.lang.StackOverflowError
at pageObject.AccountPage.editAccountInformationOption(AccountPage.java:22)
at pageObject.AccountPage.editAccountInformationOption(AccountPage.java:22)
at pageObject.AccountPage.editAccountInformationOption(AccountPage.java:22)
at pageObject.AccountPage.editAccountInformationOption(AccountPage.java:22)
at pageObject.AccountPage.editAccountInformationOption(AccountPage.java:22)
at pageObject.AccountPage.editAccountInformationOption(AccountPage.java:22)
at pageObject.AccountPage.editAccountInformationOption(AccountPage.java:22)
at pageObject.AccountPage.editAccountInformationOption(AccountPage.java:22)
at pageObject.AccountPage.editAccountInformationOption(AccountPage.java:22)
at pageObject.AccountPage.editAccountInformationOption(AccountPage.java:22)
at pageObject.AccountPage.editAccountInformationOption(AccountPage.java:22)
at pageObject.AccountPage.editAccountInformationOption(AccountPage.java:22)
at pageObject.AccountPage.editAccountInformationOption(AccountPage.java:22)
at pageObject.AccountPage.editAccountInformationOption(AccountPage.java:22)
at pageObject.AccountPage.editAccountInformationOption(AccountPage.java:22)
at pageObject.AccountPage.editAccountInformationOption(AccountPage.java:22)
at pageObject.AccountPage.editAccountInformationOption(AccountPage.java:22)
at pageObject.AccountPage.editAccountInformationOption(AccountPage.java:22)
at pageObject.AccountPage.editAccountInformationOption(AccountPage.java:22)
at pageObject.AccountPage.editAccountInformationOption(AccountPage.java:22)
at pageObject.AccountPage.editAccountInformationOption(AccountPage.java:22)
at pageObject.AccountPage.editAccountInformationOption(AccountPage.java:22)
at pageObject.AccountPage.editAccountInformationOption(AccountPage.java:22)
at pageObject.AccountPage.editAccountInformationOption(AccountPage.java:22)
at pageObject.AccountPage.editAccountInformationOption(AccountPage.java:22)
at pageObject.AccountPage.editAccountInformationOption(AccountPage.java:22)
at pageObject.AccountPage.editAccountInformationOption(AccountPage.java:22)
at pageObject.AccountPage.editAccountInformationOption(AccountPage.java:22)
at pageObject.AccountPage.editAccountInformationOption(AccountPage.java:22)
at pageObject.AccountPage.editAccountInformationOption(AccountPage.java:22)
at pageObject.AccountPage.editAccountInformationOption(AccountPage.java:22)
at pageObject.AccountPage.editAccountInformationOption(AccountPage.java:22)
at pageObject.AccountPage.editAccountInformationOption(AccountPage.java:22)
at pageObject.AccountPage.editAccountInformationOption(AccountPage.java:22)
at pageObject.AccountPage.editAccountInformationOption(AccountPage.java:22)
at pageObject.AccountPage.editAccountInformationOption(AccountPage.java:22)
at pageObject.AccountPage.editAccountInformationOption(AccountPage.java:22)
at pageObject.AccountPage.editAccountInformationOption(AccountPage.java:22)
at pageObject.AccountPage.editAccountInformationOption(AccountPage.java:22)
at pageObject.AccountPage.editAccountInformationOption(AccountPage.java:22)
at pageObject.AccountPage.editAccountInformationOption(AccountPage.java:22)
at pageObject.AccountPage.editAccountInformationOption(AccountPage.java:22)
at pageObject.AccountPage.editAccountInformationOption(AccountPage.java:22)
at pageObject.AccountPage.editAccountInformationOption(AccountPage.java:22)
at pageObject.AccountPage.editAccountInformationOption(AccountPage.java:22)
at pageObject.AccountPage.editAccountInformationOption(AccountPage.java:22)
at pageObject.AccountPage.editAccountInformationOption(AccountPage.java:22)
at pageObject.AccountPage.editAccountInformationOption(AccountPage.java:22)
at pageObject.AccountPage.editAccountInformationOption(AccountPage.java:22)
at pageObject.AccountPage.editAccountInformationOption(AccountPage.java:22)
at pageObject.AccountPage.editAccountInformationOption(AccountPage.java:22)
at pageObject.AccountPage.editAccountInformationOption(AccountPage.java:22)
at pageObject.AccountPage.editAccountInformationOption(AccountPage.java:22)
at pageObject.AccountPage.editAccountInformationOption(AccountPage.java:22)
at pageObject.AccountPage.editAccountInformationOption(AccountPage.java:22)
at pageObject.AccountPage.editAccountInformationOption(AccountPage.java:22)
at pageObject.AccountPage.editAccountInformationOption(AccountPage.java:22)
at pageObject.AccountPage.editAccountInformationOption(AccountPage.java:22)
at pageObject.AccountPage.editAccountInformationOption(AccountPage.java:22)
at pageObject.AccountPage.editAccountInformationOption(AccountPage.java:22)
at pageObject.AccountPage.editAccountInformationOption(AccountPage.java:22)
at pageObject.AccountPage.editAccountInformationOption(AccountPage.java:22)
at pageObject.AccountPage.editAccountInformationOption(AccountPage.java:22)
at pageObject.AccountPage.editAccountInformationOption(AccountPage.java:22)
at pageObject.AccountPage.editAccountInformationOption(AccountPage.java:22)
at pageObject.AccountPage.editAccountInformationOption(AccountPage.java:22)
at pageObject.AccountPage.editAccountInformationOption(AccountPage.java:22)
at pageObject.AccountPage.editAccountInformationOption(AccountPage.java:22)
at pageObject.AccountPage.editAccountInformationOption(AccountPage.java:22)
at pageObject.AccountPage.editAccountInformationOption(AccountPage.java:22)
at pageObject.AccountPage.editAccountInformationOption(AccountPage.java:22)
at pageObject.AccountPage.editAccountInformationOption(AccountPage.java:22)
at pageObject.AccountPage.editAccountInformationOption(AccountPage.java:22)
at pageObject.AccountPage.editAccountInformationOption(AccountPage.java:22)
at pageObject.AccountPage.editAccountInformationOption(AccountPage.java:22)
at pageObject.AccountPage.editAccountInformationOption(AccountPage.java:22)
at pageObject.AccountPage.editAccountInformationOption(AccountPage.java:22)
at pageObject.AccountPage.editAccountInformationOption(AccountPage.java:22)
at pageObject.AccountPage.editAccountInformationOption(AccountPage.java:22)
at pageObject.AccountPage.editAccountInformationOption(AccountPage.java:22)
at pageObject.AccountPage.editAccountInformationOption(AccountPage.java:22)
at pageObject.AccountPage.editAccountInformationOption(AccountPage.java:22)
at pageObject.AccountPage.editAccountInformationOption(AccountPage.java:22)
at pageObject.AccountPage.editAccountInformationOption(AccountPage.java:22)
at pageObject.AccountPage.editAccountInformationOption(AccountPage.java:22)
at pageObject.AccountPage.editAccountInformationOption(AccountPage.java:22)
at pageObject.AccountPage.editAccountInformationOption(AccountPage.java:22)
at pageObject.AccountPage.editAccountInformationOption(AccountPage.java:22)
at pageObject.AccountPage.editAccountInformationOption(AccountPage.java:22)
at pageObject.AccountPage.editAccountInformationOption(AccountPage.java:22)
at pageObject.AccountPage.editAccountInformationOption(AccountPage.java:22)
at pageObject.AccountPage.editAccountInformationOption(AccountPage.java:22)
at pageObject.AccountPage.editAccountInformationOption(AccountPage.java:22)
at pageObject.AccountPage.editAccountInformationOption(AccountPage.java:22)
at pageObject.AccountPage.editAccountInformationOption(AccountPage.java:22)
at pageObject.AccountPage.editAccountInformationOption(AccountPage.java:22)
at pageObject.AccountPage.editAccountInformationOption(AccountPage.java:22)
at pageObject.AccountPage.editAccountInformationOption(AccountPage.java:22)
at pageObject.AccountPage.editAccountInformationOption(AccountPage.java:22)
at pageObject.AccountPage.editAccountInformationOption(AccountPage.java:22)
at pageObject.AccountPage.editAccountInformationOption(AccountPage.java:22)
at pageObject.AccountPage.editAccountInformationOption(AccountPage.java:22)
at pageObject.AccountPage.editAccountInformationOption(AccountPage.java:22)
at pageObject.AccountPage.editAccountInformationOption(AccountPage.java:22)
at pageObject.AccountPage.editAccountInformationOption(AccountPage.java:22)
at pageObject.AccountPage.editAccountInformationOption(AccountPage.java:22)
at pageObject.AccountPage.editAccountInformationOption(AccountPage.java:22)
at pageObject.AccountPage.editAccountInformationOption(AccountPage.java:22)
at pageObject.AccountPage.editAccountInformationOption(AccountPage.java:22)
at pageObject.AccountPage.editAccountInformationOption(AccountPage.java:22)
at pageObject.AccountPage.editAccountInformationOption(AccountPage.java:22)
at pageObject.AccountPage.editAccountInformationOption(AccountPage.java:22)
at pageObject.AccountPage.editAccountInformationOption(AccountPage.java:22)
at pageObject.AccountPage.editAccountInformationOption(AccountPage.java:22)
at pageObject.AccountPage.editAccountInformationOption(AccountPage.java:22)
at pageObject.AccountPage.editAccountInformationOption(AccountPage.java:22)
at pageObject.AccountPage.editAccountInformationOption(AccountPage.java:22)
at pageObject.AccountPage.editAccountInformationOption(AccountPage.java:22)
at pageObject.AccountPage.editAccountInformationOption(AccountPage.java:22)
at pageObject.AccountPage.editAccountInformationOption(AccountPage.java:22)
at pageObject.AccountPage.editAccountInformationOption(AccountPage.java:22)
at pageObject.AccountPage.editAccountInformationOption(AccountPage.java:22)
at pageObject.AccountPage.editAccountInformationOption(AccountPage.java:22)
at pageObject.AccountPage.editAccountInformationOption(AccountPage.java:22)
at pageObject.AccountPage.editAccountInformationOption(AccountPage.java:22)
at pageObject.AccountPage.editAccountInformationOption(AccountPage.java:22)
at pageObject.AccountPage.editAccountInformationOption(AccountPage.java:22)
at pageObject.AccountPage.editAccountInformationOption(AccountPage.java:22)
at pageObject.AccountPage.editAccountInformationOption(AccountPage.java:22)
at pageObject.AccountPage.editAccountInformationOption(AccountPage.java:22)
at pageObject.AccountPage.editAccountInformationOption(AccountPage.java:22)
at pageObject.AccountPage.editAccountInformationOption(AccountPage.java:22)
at pageObject.AccountPage.editAccountInformationOption(AccountPage.java:22)
at pageObject.AccountPage.editAccountInformationOption(AccountPage.java:22)
at pageObject.AccountPage.editAccountInformationOption(AccountPage.java:22)
at pageObject.AccountPage.editAccountInformationOption(AccountPage.java:22)
at pageObject.AccountPage.editAccountInformationOption(AccountPage.java:22)
at pageObject.AccountPage.editAccountInformationOption(AccountPage.java:22)
at pageObject.AccountPage.editAccountInformationOption(AccountPage.java:22)
at pageObject.AccountPage.editAccountInformationOption(AccountPage.java:22)
at pageObject.AccountPage.editAccountInformationOption(AccountPage.java:22)
at pageObject.AccountPage.editAccountInformationOption(AccountPage.java:22)
at pageObject.AccountPage.editAccountInformationOption(AccountPage.java:22)
at pageObject.AccountPage.editAccountInformationOption(AccountPage.java:22)
at pageObject.AccountPage.editAccountInformationOption(AccountPage.java:22)
at pageObject.AccountPage.editAccountInformationOption(AccountPage.java:22)
at pageObject.AccountPage.editAccountInformationOption(AccountPage.java:22)
at pageObject.AccountPage.editAccountInformationOption(AccountPage.java:22)
at pageObject.AccountPage.editAccountInformationOption(AccountPage.java:22)
at pageObject.AccountPage.editAccountInformationOption(AccountPage.java:22)
at pageObject.AccountPage.editAccountInformationOption(AccountPage.java:22)
at pageObject.AccountPage.editAccountInformationOption(AccountPage.java:22)
at pageObject.AccountPage.editAccountInformationOption(AccountPage.java:22)
at pageObject.AccountPage.editAccountInformationOption(AccountPage.java:22)
at pageObject.AccountPage.editAccountInformationOption(AccountPage.java:22)
at pageObject.AccountPage.editAccountInformationOption(AccountPage.java:22)
at pageObject.AccountPage.editAccountInformationOption(AccountPage.java:22)
at pageObject.AccountPage.editAccountInformationOption(AccountPage.java:22)
at pageObject.AccountPage.editAccountInformationOption(AccountPage.java:22)
at pageObject.AccountPage.editAccountInformationOption(AccountPage.java:22)
at pageObject.AccountPage.editAccountInformationOption(AccountPage.java:22)
at pageObject.AccountPage.editAccountInformationOption(AccountPage.java:22)
at pageObject.AccountPage.editAccountInformationOption(AccountPage.java:22)
at pageObject.AccountPage.editAccountInformationOption(AccountPage.java:22)
at pageObject.AccountPage.editAccountInformationOption(AccountPage.java:22)
at pageObject.AccountPage.editAccountInformationOption(AccountPage.java:22)
at pageObject.AccountPage.editAccountInformationOption(AccountPage.java:22)
at pageObject.AccountPage.editAccountInformationOption(AccountPage.java:22)
at pageObject.AccountPage.editAccountInformationOption(AccountPage.java:22)
at pageObject.AccountPage.editAccountInformationOption(AccountPage.java:22)
at pageObject.AccountPage.editAccountInformationOption(AccountPage.java:22)
at pageObject.AccountPage.editAccountInformationOption(AccountPage.java:22)
at pageObject.AccountPage.editAccountInformationOption(AccountPage.java:22)
at pageObject.AccountPage.editAccountInformationOption(AccountPage.java:22)
at pageObject.AccountPage.editAccountInformationOption(AccountPage.java:22)
at pageObject.AccountPage.editAccountInformationOption(AccountPage.java:22)
at pageObject.AccountPage.editAccountInformationOption(AccountPage.java:22)
at pageObject.AccountPage.editAccountInformationOption(AccountPage.java:22)
at pageObject.AccountPage.editAccountInformationOption(AccountPage.java:22)
at pageObject.AccountPage.editAccountInformationOption(AccountPage.java:22)
at pageObject.AccountPage.editAccountInformationOption(AccountPage.java:22)
at pageObject.AccountPage.editAccountInformationOption(AccountPage.java:22)
at pageObject.AccountPage.editAccountInformationOption(AccountPage.java:22)
at pageObject.AccountPage.editAccountInformationOption(AccountPage.java:22)
at pageObject.AccountPage.editAccountInformationOption(AccountPage.java:22)
at pageObject.AccountPage.editAccountInformationOption(AccountPage.java:22)
at pageObject.AccountPage.editAccountInformationOption(AccountPage.java:22)
at pageObject.AccountPage.editAccountInformationOption(AccountPage.java:22)
at pageObject.AccountPage.editAccountInformationOption(AccountPage.java:22)
at pageObject.AccountPage.editAccountInformationOption(AccountPage.java:22)
at pageObject.AccountPage.editAccountInformationOption(AccountPage.java:22)
at pageObject.AccountPage.editAccountInformationOption(AccountPage.java:22)
at pageObject.AccountPage.editAccountInformationOption(AccountPage.java:22)
at pageObject.AccountPage.editAccountInformationOption(AccountPage.java:22)
at pageObject.AccountPage.editAccountInformationOption(AccountPage.java:22)
at pageObject.AccountPage.editAccountInformationOption(AccountPage.java:22)
at pageObject.AccountPage.editAccountInformationOption(AccountPage.java:22)
at pageObject.AccountPage.editAccountInformationOption(AccountPage.java:22)
at pageObject.AccountPage.editAccountInformationOption(AccountPage.java:22)
at pageObject.AccountPage.editAccountInformationOption(AccountPage.java:22)
at pageObject.AccountPage.editAccountInformationOption(AccountPage.java:22)
at pageObject.AccountPage.editAccountInformationOption(AccountPage.java:22)
at pageObject.AccountPage.editAccountInformationOption(AccountPage.java:22)
at pageObject.AccountPage.editAccountInformationOption(AccountPage.java:22)
at pageObject.AccountPage.editAccountInformationOption(AccountPage.java:22)
at pageObject.AccountPage.editAccountInformationOption(AccountPage.java:22)
at pageObject.AccountPage.editAccountInformationOption(AccountPage.java:22)
at pageObject.AccountPage.editAccountInformationOption(AccountPage.java:22)
at pageObject.AccountPage.editAccountInformationOption(AccountPage.java:22)
at pageObject.AccountPage.editAccountInformationOption(AccountPage.java:22)
at pageObject.AccountPage.editAccountInformationOption(AccountPage.java:22)
at pageObject.AccountPage.editAccountInformationOption(AccountPage.java:22)
at pageObject.AccountPage.editAccountInformationOption(AccountPage.java:22)
at pageObject.AccountPage.editAccountInformationOption(AccountPage.java:22)
at pageObject.AccountPage.editAccountInformationOption(AccountPage.java:22)
at pageObject.AccountPage.editAccountInformationOption(AccountPage.java:22)
at pageObject.AccountPage.editAccountInformationOption(AccountPage.java:22)
at pageObject.AccountPage.editAccountInformationOption(AccountPage.java:22)
at pageObject.AccountPage.editAccountInformationOption(AccountPage.java:22)
at pageObject.AccountPage.editAccountInformationOption(AccountPage.java:22)
at pageObject.AccountPage.editAccountInformationOption(AccountPage.java:22)
at pageObject.AccountPage.editAccountInformationOption(AccountPage.java:22)
at pageObject.AccountPage.editAccountInformationOption(AccountPage.java:22)
at pageObject.AccountPage.editAccountInformationOption(AccountPage.java:22)
at pageObject.AccountPage.editAccountInformationOption(AccountPage.java:22)
at pageObject.AccountPage.editAccountInformationOption(AccountPage.java:22)
at pageObject.AccountPage.editAccountInformationOption(AccountPage.java:22)
at pageObject.AccountPage.editAccountInformationOption(AccountPage.java:22)
at pageObject.AccountPage.editAccountInformationOption(AccountPage.java:22)
at pageObject.AccountPage.editAccountInformationOption(AccountPage.java:22)
at pageObject.AccountPage.editAccountInformationOption(AccountPage.java:22)
at pageObject.AccountPage.editAccountInformationOption(AccountPage.java:22)
at pageObject.AccountPage.editAccountInformationOption(AccountPage.java:22)
at pageObject.AccountPage.editAccountInformationOption(AccountPage.java:22)
at pageObject.AccountPage.editAccountInformationOption(AccountPage.java:22)
at pageObject.AccountPage.editAccountInformationOption(AccountPage.java:22)
at pageObject.AccountPage.editAccountInformationOption(AccountPage.java:22)
at pageObject.AccountPage.editAccountInformationOption(AccountPage.java:22)
at pageObject.AccountPage.editAccountInformationOption(AccountPage.java:22)
at pageObject.AccountPage.editAccountInformationOption(AccountPage.java:22)
at pageObject.AccountPage.editAccountInformationOption(AccountPage.java:22)
at pageObject.AccountPage.editAccountInformationOption(AccountPage.java:22)
at pageObject.AccountPage.editAccountInformationOption(AccountPage.java:22)
at pageObject.AccountPage.editAccountInformationOption(AccountPage.java:22)
at pageObject.AccountPage.editAccountInformationOption(AccountPage.java:22)
at pageObject.AccountPage.editAccountInformationOption(AccountPage.java:22)
at pageObject.AccountPage.editAccountInformationOption(AccountPage.java:22)
at pageObject.AccountPage.editAccountInformationOption(AccountPage.java:22)
at pageObject.AccountPage.editAccountInformationOption(AccountPage.java:22)
at pageObject.AccountPage.editAccountInformationOption(AccountPage.java:22)
at pageObject.AccountPage.editAccountInformationOption(AccountPage.java:22)
at pageObject.AccountPage.editAccountInformationOption(AccountPage.java:22)
at pageObject.AccountPage.editAccountInformationOption(AccountPage.java:22)
at pageObject.AccountPage.editAccountInformationOption(AccountPage.java:22)
at pageObject.AccountPage.editAccountInformationOption(AccountPage.java:22)
at pageObject.AccountPage.editAccountInformationOption(AccountPage.java:22)
at pageObject.AccountPage.editAccountInformationOption(AccountPage.java:22)
at pageObject.AccountPage.editAccountInformationOption(AccountPage.java:22)
at pageObject.AccountPage.editAccountInformationOption(AccountPage.java:22)
at pageObject.AccountPage.editAccountInformationOption(AccountPage.java:22)
at pageObject.AccountPage.editAccountInformationOption(AccountPage.java:22)
at pageObject.AccountPage.editAccountInformationOption(AccountPage.java:22)
at pageObject.AccountPage.editAccountInformationOption(AccountPage.java:22)
at pageObject.AccountPage.editAccountInformationOption(AccountPage.java:22)
at pageObject.AccountPage.editAccountInformationOption(AccountPage.java:22)
at pageObject.AccountPage.editAccountInformationOption(AccountPage.java:22)
at pageObject.AccountPage.editAccountInformationOption(AccountPage.java:22)
at pageObject.AccountPage.editAccountInformationOption(AccountPage.java:22)
at pageObject.AccountPage.editAccountInformationOption(AccountPage.java:22)
at pageObject.AccountPage.editAccountInformationOption(AccountPage.java:22)
at pageObject.AccountPage.editAccountInformationOption(AccountPage.java:22)
at pageObject.AccountPage.editAccountInformationOption(AccountPage.java:22)
at pageObject.AccountPage.editAccountInformationOption(AccountPage.java:22)
at pageObject.AccountPage.editAccountInformationOption(AccountPage.java:22)
at pageObject.AccountPage.editAccountInformationOption(AccountPage.java:22)
at pageObject.AccountPage.editAccountInformationOption(AccountPage.java:22)
at pageObject.AccountPage.editAccountInformationOption(AccountPage.java:22)
at pageObject.AccountPage.editAccountInformationOption(AccountPage.java:22)
at pageObject.AccountPage.editAccountInformationOption(AccountPage.java:22)
at pageObject.AccountPage.editAccountInformationOption(AccountPage.java:22)
at pageObject.AccountPage.editAccountInformationOption(AccountPage.java:22)
at pageObject.AccountPage.editAccountInformationOption(AccountPage.java:22)
at pageObject.AccountPage.editAccountInformationOption(AccountPage.java:22)
at pageObject.AccountPage.editAccountInformationOption(AccountPage.java:22)
at pageObject.AccountPage.editAccountInformationOption(AccountPage.java:22)
at pageObject.AccountPage.editAccountInformationOption(AccountPage.java:22)
at pageObject.AccountPage.editAccountInformationOption(AccountPage.java:22)
at pageObject.AccountPage.editAccountInformationOption(AccountPage.java:22)
at pageObject.AccountPage.editAccountInformationOption(AccountPage.java:22)
at pageObject.AccountPage.editAccountInformationOption(AccountPage.java:22)
at pageObject.AccountPage.editAccountInformationOption(AccountPage.java:22)
at pageObject.AccountPage.editAccountInformationOption(AccountPage.java:22)
at pageObject.AccountPage.editAccountInformationOption(AccountPage.java:22)
at pageObject.AccountPage.editAccountInformationOption(AccountPage.java:22)
at pageObject.AccountPage.editAccountInformationOption(AccountPage.java:22)
at pageObject.AccountPage.editAccountInformationOption(AccountPage.java:22)
at pageObject.AccountPage.editAccountInformationOption(AccountPage.java:22)
at pageObject.AccountPage.editAccountInformationOption(AccountPage.java:22)
at pageObject.AccountPage.editAccountInformationOption(AccountPage.java:22)
at pageObject.AccountPage.editAccountInformationOption(AccountPage.java:22)
at pageObject.AccountPage.editAccountInformationOption(AccountPage.java:22)
at pageObject.AccountPage.editAccountInformationOption(AccountPage.java:22)
at pageObject.AccountPage.editAccountInformationOption(AccountPage.java:22)
at pageObject.AccountPage.editAccountInformationOption(AccountPage.java:22)
at pageObject.AccountPage.editAccountInformationOption(AccountPage.java:22)
at pageObject.AccountPage.editAccountInformationOption(AccountPage.java:22)
at pageObject.AccountPage.editAccountInformationOption(AccountPage.java:22)
at pageObject.AccountPage.editAccountInformationOption(AccountPage.java:22)
at pageObject.AccountPage.editAccountInformationOption(AccountPage.java:22)
at pageObject.AccountPage.editAccountInformationOption(AccountPage.java:22)
at pageObject.AccountPage.editAccountInformationOption(AccountPage.java:22)
at pageObject.AccountPage.editAccountInformationOption(AccountPage.java:22)
at pageObject.AccountPage.editAccountInformationOption(AccountPage.java:22)
at pageObject.AccountPage.editAccountInformationOption(AccountPage.java:22)
at pageObject.AccountPage.editAccountInformationOption(AccountPage.java:22)
at pageObject.AccountPage.editAccountInformationOption(AccountPage.java:22)
at pageObject.AccountPage.editAccountInformationOption(AccountPage.java:22)
at pageObject.AccountPage.editAccountInformationOption(AccountPage.java:22)
at pageObject.AccountPage.editAccountInformationOption(AccountPage.java:22)
at pageObject.AccountPage.editAccountInformationOption(AccountPage.java:22)
at pageObject.AccountPage.editAccountInformationOption(AccountPage.java:22)
at pageObject.AccountPage.editAccountInformationOption(AccountPage.java:22)
at pageObject.AccountPage.editAccountInformationOption(AccountPage.java:22)
at pageObject.AccountPage.editAccountInformationOption(AccountPage.java:22)
at pageObject.AccountPage.editAccountInformationOption(AccountPage.java:22)
at pageObject.AccountPage.editAccountInformationOption(AccountPage.java:22)
at pageObject.AccountPage.editAccountInformationOption(AccountPage.java:22)
at pageObject.AccountPage.editAccountInformationOption(AccountPage.java:22)
at pageObject.AccountPage.editAccountInformationOption(AccountPage.java:22)
at pageObject.AccountPage.editAccountInformationOption(AccountPage.java:22)
at pageObject.AccountPage.editAccountInformationOption(AccountPage.java:22)
at pageObject.AccountPage.editAccountInformationOption(AccountPage.java:22)
at pageObject.AccountPage.editAccountInformationOption(AccountPage.java:22)
at pageObject.AccountPage.editAccountInformationOption(AccountPage.java:22)
at pageObject.AccountPage.editAccountInformationOption(AccountPage.java:22)
at pageObject.AccountPage.editAccountInformationOption(AccountPage.java:22)
at pageObject.AccountPage.editAccountInformationOption(AccountPage.java:22)
at pageObject.AccountPage.editAccountInformationOption(AccountPage.java:22)
at pageObject.AccountPage.editAccountInformationOption(AccountPage.java:22)
at pageObject.AccountPage.editAccountInformationOption(AccountPage.java:22)
at pageObject.AccountPage.editAccountInformationOption(AccountPage.java:22)
at pageObject.AccountPage.editAccountInformationOption(AccountPage.java:22)
at pageObject.AccountPage.editAccountInformationOption(AccountPage.java:22)
at pageObject.AccountPage.editAccountInformationOption(AccountPage.java:22)
at pageObject.AccountPage.editAccountInformationOption(AccountPage.java:22)
at pageObject.AccountPage.editAccountInformationOption(AccountPage.java:22)
at pageObject.AccountPage.editAccountInformationOption(AccountPage.java:22)
at pageObject.AccountPage.editAccountInformationOption(AccountPage.java:22)
at pageObject.AccountPage.editAccountInformationOption(AccountPage.java:22)
at pageObject.AccountPage.editAccountInformationOption(AccountPage.java:22)
at pageObject.AccountPage.editAccountInformationOption(AccountPage.java:22)
at pageObject.AccountPage.editAccountInformationOption(AccountPage.java:22)
at pageObject.AccountPage.editAccountInformationOption(AccountPage.java:22)
at pageObject.AccountPage.editAccountInformationOption(AccountPage.java:22)
at pageObject.AccountPage.editAccountInformationOption(AccountPage.java:22)
at pageObject.AccountPage.editAccountInformationOption(AccountPage.java:22)
at pageObject.AccountPage.editAccountInformationOption(AccountPage.java:22)
at pageObject.AccountPage.editAccountInformationOption(AccountPage.java:22)
at pageObject.AccountPage.editAccountInformationOption(AccountPage.java:22)
at pageObject.AccountPage.editAccountInformationOption(AccountPage.java:22)
at pageObject.AccountPage.editAccountInformationOption(AccountPage.java:22)
at pageObject.AccountPage.editAccountInformationOption(AccountPage.java:22)
at pageObject.AccountPage.editAccountInformationOption(AccountPage.java:22)
at pageObject.AccountPage.editAccountInformationOption(AccountPage.java:22)
at pageObject.AccountPage.editAccountInformationOption(AccountPage.java:22)
at pageObject.AccountPage.editAccountInformationOption(AccountPage.java:22)
at pageObject.AccountPage.editAccountInformationOption(AccountPage.java:22)
at pageObject.AccountPage.editAccountInformationOption(AccountPage.java:22)
at pageObject.AccountPage.editAccountInformationOption(AccountPage.java:22)
at pageObject.AccountPage.editAccountInformationOption(AccountPage.java:22)
at pageObject.AccountPage.editAccountInformationOption(AccountPage.java:22)
at pageObject.AccountPage.editAccountInformationOption(AccountPage.java:22)
at pageObject.AccountPage.editAccountInformationOption(AccountPage.java:22)
at pageObject.AccountPage.editAccountInformationOption(AccountPage.java:22)
at pageObject.AccountPage.editAccountInformationOption(AccountPage.java:22)
at pageObject.AccountPage.editAccountInformationOption(AccountPage.java:22)
at pageObject.AccountPage.editAccountInformationOption(AccountPage.java:22)
at pageObject.AccountPage.editAccountInformationOption(AccountPage.java:22)
at pageObject.AccountPage.editAccountInformationOption(AccountPage.java:22)
at pageObject.AccountPage.editAccountInformationOption(AccountPage.java:22)
at pageObject.AccountPage.editAccountInformationOption(AccountPage.java:22)
at pageObject.AccountPage.editAccountInformationOption(AccountPage.java:22)
at pageObject.AccountPage.editAccountInformationOption(AccountPage.java:22)
at pageObject.AccountPage.editAccountInformationOption(AccountPage.java:22)
at pageObject.AccountPage.editAccountInformationOption(AccountPage.java:22)
at pageObject.AccountPage.editAccountInformationOption(AccountPage.java:22)
at pageObject.AccountPage.editAccountInformationOption(AccountPage.java:22)
at pageObject.AccountPage.editAccountInformationOption(AccountPage.java:22)
at pageObject.AccountPage.editAccountInformationOption(AccountPage.java:22)
at pageObject.AccountPage.editAccountInformationOption(AccountPage.java:22)
at pageObject.AccountPage.editAccountInformationOption(AccountPage.java:22)
at pageObject.AccountPage.editAccountInformationOption(AccountPage.java:22)
at pageObject.AccountPage.editAccountInformationOption(AccountPage.java:22)
at pageObject.AccountPage.editAccountInformationOption(AccountPage.java:22)
at pageObject.AccountPage.editAccountInformationOption(AccountPage.java:22)
at pageObject.AccountPage.editAccountInformationOption(AccountPage.java:22)
at pageObject.AccountPage.editAccountInformationOption(AccountPage.java:22)
at pageObject.AccountPage.editAccountInformationOption(AccountPage.java:22)
at pageObject.AccountPage.editAccountInformationOption(AccountPage.java:22)
at pageObject.AccountPage.editAccountInformationOption(AccountPage.java:22)
at pageObject.AccountPage.editAccountInformationOption(AccountPage.java:22)
at pageObject.AccountPage.editAccountInformationOption(AccountPage.java:22)
at pageObject.AccountPage.editAccountInformationOption(AccountPage.java:22)
at pageObject.AccountPage.editAccountInformationOption(AccountPage.java:22)
at pageObject.AccountPage.editAccountInformationOption(AccountPage.java:22)
at pageObject.AccountPage.editAccountInformationOption(AccountPage.java:22)
at pageObject.AccountPage.editAccountInformationOption(AccountPage.java:22)
at pageObject.AccountPage.editAccountInformationOption(AccountPage.java:22)
at pageObject.AccountPage.editAccountInformationOption(AccountPage.java:22)
at pageObject.AccountPage.editAccountInformationOption(AccountPage.java:22)
at pageObject.AccountPage.editAccountInformationOption(AccountPage.java:22)
at pageObject.AccountPage.editAccountInformationOption(AccountPage.java:22)
at pageObject.AccountPage.editAccountInformationOption(AccountPage.java:22)
at pageObject.AccountPage.editAccountInformationOption(AccountPage.java:22)
at pageObject.AccountPage.editAccountInformationOption(AccountPage.java:22)
at pageObject.AccountPage.editAccountInformationOption(AccountPage.java:22)
at pageObject.AccountPage.editAccountInformationOption(AccountPage.java:22)
at pageObject.AccountPage.editAccountInformationOption(AccountPage.java:22)
at pageObject.AccountPage.editAccountInformationOption(AccountPage.java:22)
at pageObject.AccountPage.editAccountInformationOption(AccountPage.java:22)
at pageObject.AccountPage.editAccountInformationOption(AccountPage.java:22)
at pageObject.AccountPage.editAccountInformationOption(AccountPage.java:22)
at pageObject.AccountPage.editAccountInformationOption(AccountPage.java:22)
at pageObject.AccountPage.editAccountInformationOption(AccountPage.java:22)
at pageObject.AccountPage.editAccountInformationOption(AccountPage.java:22)
at pageObject.AccountPage.editAccountInformationOption(AccountPage.java:22)
at pageObject.AccountPage.editAccountInformationOption(AccountPage.java:22)
at pageObject.AccountPage.editAccountInformationOption(AccountPage.java:22)
at pageObject.AccountPage.editAccountInformationOption(AccountPage.java:22)
at pageObject.AccountPage.editAccountInformationOption(AccountPage.java:22)
at pageObject.AccountPage.editAccountInformationOption(AccountPage.java:22)
at pageObject.AccountPage.editAccountInformationOption(AccountPage.java:22)
at pageObject.AccountPage.editAccountInformationOption(AccountPage.java:22)
at pageObject.AccountPage.editAccountInformationOption(AccountPage.java:22)
at pageObject.AccountPage.editAccountInformationOption(AccountPage.java:22)
at pageObject.AccountPage.editAccountInformationOption(AccountPage.java:22)
at pageObject.AccountPage.editAccountInformationOption(AccountPage.java:22)
at pageObject.AccountPage.editAccountInformationOption(AccountPage.java:22)
at pageObject.AccountPage.editAccountInformationOption(AccountPage.java:22)
at pageObject.AccountPage.editAccountInformationOption(AccountPage.java:22)
at pageObject.AccountPage.editAccountInformationOption(AccountPage.java:22)
at pageObject.AccountPage.editAccountInformationOption(AccountPage.java:22)
at pageObject.AccountPage.editAccountInformationOption(AccountPage.java:22)
at pageObject.AccountPage.editAccountInformationOption(AccountPage.java:22)
at pageObject.AccountPage.editAccountInformationOption(AccountPage.java:22)
at pageObject.AccountPage.editAccountInformationOption(AccountPage.java:22)
at pageObject.AccountPage.editAccountInformationOption(AccountPage.java:22)
at pageObject.AccountPage.editAccountInformationOption(AccountPage.java:22)
at pageObject.AccountPage.editAccountInformationOption(AccountPage.java:22)
at pageObject.AccountPage.editAccountInformationOption(AccountPage.java:22)
at pageObject.AccountPage.editAccountInformationOption(AccountPage.java:22)
at pageObject.AccountPage.editAccountInformationOption(AccountPage.java:22)
at pageObject.AccountPage.editAccountInformationOption(AccountPage.java:22)
at pageObject.AccountPage.editAccountInformationOption(AccountPage.java:22)
at pageObject.AccountPage.editAccountInformationOption(AccountPage.java:22)
at pageObject.AccountPage.editAccountInformationOption(AccountPage.java:22)
at pageObject.AccountPage.editAccountInformationOption(AccountPage.java:22)
at pageObject.AccountPage.editAccountInformationOption(AccountPage.java:22)
at pageObject.AccountPage.editAccountInformationOption(AccountPage.java:22)
at pageObject.AccountPage.editAccountInformationOption(AccountPage.java:22)
at pageObject.AccountPage.editAccountInformationOption(AccountPage.java:22)
at pageObject.AccountPage.editAccountInformationOption(AccountPage.java:22)
at pageObject.AccountPage.editAccountInformationOption(AccountPage.java:22)
at pageObject.AccountPage.editAccountInformationOption(AccountPage.java:22)
at pageObject.AccountPage.editAccountInformationOption(AccountPage.java:22)
at pageObject.AccountPage.editAccountInformationOption(AccountPage.java:22)
at pageObject.AccountPage.editAccountInformationOption(AccountPage.java:22)
at pageObject.AccountPage.editAccountInformationOption(AccountPage.java:22)
at pageObject.AccountPage.editAccountInformationOption(AccountPage.java:22)
at pageObject.AccountPage.editAccountInformationOption(AccountPage.java:22)
at pageObject.AccountPage.editAccountInformationOption(AccountPage.java:22)
at pageObject.AccountPage.editAccountInformationOption(AccountPage.java:22)
at pageObject.AccountPage.editAccountInformationOption(AccountPage.java:22)
at pageObject.AccountPage.editAccountInformationOption(AccountPage.java:22)
at pageObject.AccountPage.editAccountInformationOption(AccountPage.java:22)
at pageObject.AccountPage.editAccountInformationOption(AccountPage.java:22)
at pageObject.AccountPage.editAccountInformationOption(AccountPage.java:22)
at pageObject.AccountPage.editAccountInformationOption(AccountPage.java:22)
at pageObject.AccountPage.editAccountInformationOption(AccountPage.java:22)
at pageObject.AccountPage.editAccountInformationOption(AccountPage.java:22)
at pageObject.AccountPage.editAccountInformationOption(AccountPage.java:22)
at pageObject.AccountPage.editAccountInformationOption(AccountPage.java:22)
at pageObject.AccountPage.editAccountInformationOption(AccountPage.java:22)
at pageObject.AccountPage.editAccountInformationOption(AccountPage.java:22)
at pageObject.AccountPage.editAccountInformationOption(AccountPage.java:22)
at pageObject.AccountPage.editAccountInformationOption(AccountPage.java:22)
at pageObject.AccountPage.editAccountInformationOption(AccountPage.java:22)
at pageObject.AccountPage.editAccountInformationOption(AccountPage.java:22)
at pageObject.AccountPage.editAccountInformationOption(AccountPage.java:22)
at pageObject.AccountPage.editAccountInformationOption(AccountPage.java:22)
at pageObject.AccountPage.editAccountInformationOption(AccountPage.java:22)
at pageObject.AccountPage.editAccountInformationOption(AccountPage.java:22)
at pageObject.AccountPage.editAccountInformationOption(AccountPage.java:22)
at pageObject.AccountPage.editAccountInformationOption(AccountPage.java:22)
at pageObject.AccountPage.editAccountInformationOption(AccountPage.java:22)
at pageObject.AccountPage.editAccountInformationOption(AccountPage.java:22)
at pageObject.AccountPage.editAccountInformationOption(AccountPage.java:22)
at pageObject.AccountPage.editAccountInformationOption(AccountPage.java:22)
at pageObject.AccountPage.editAccountInformationOption(AccountPage.java:22)
at pageObject.AccountPage.editAccountInformationOption(AccountPage.java:22)
at pageObject.AccountPage.editAccountInformationOption(AccountPage.java:22)
at pageObject.AccountPage.editAccountInformationOption(AccountPage.java:22)
at pageObject.AccountPage.editAccountInformationOption(AccountPage.java:22)
at pageObject.AccountPage.editAccountInformationOption(AccountPage.java:22)
at pageObject.AccountPage.editAccountInformationOption(AccountPage.java:22)
at pageObject.AccountPage.editAccountInformationOption(AccountPage.java:22)
at pageObject.AccountPage.editAccountInformationOption(AccountPage.java:22)
at pageObject.AccountPage.editAccountInformationOption(AccountPage.java:22)
at pageObject.AccountPage.editAccountInformationOption(AccountPage.java:22)
at pageObject.AccountPage.editAccountInformationOption(AccountPage.java:22)
at pageObject.AccountPage.editAccountInformationOption(AccountPage.java:22)
at pageObject.AccountPage.editAccountInformationOption(AccountPage.java:22)
at pageObject.AccountPage.editAccountInformationOption(AccountPage.java:22)
at pageObject.AccountPage.editAccountInformationOption(AccountPage.java:22)
at pageObject.AccountPage.editAccountInformationOption(AccountPage.java:22)
at pageObject.AccountPage.editAccountInformationOption(AccountPage.java:22)
at pageObject.AccountPage.editAccountInformationOption(AccountPage.java:22)
at pageObject.AccountPage.editAccountInformationOption(AccountPage.java:22)
at pageObject.AccountPage.editAccountInformationOption(AccountPage.java:22)
at pageObject.AccountPage.editAccountInformationOption(AccountPage.java:22)
at pageObject.AccountPage.editAccountInformationOption(AccountPage.java:22)
at pageObject.AccountPage.editAccountInformationOption(AccountPage.java:22)
at pageObject.AccountPage.editAccountInformationOption(AccountPage.java:22)
at pageObject.AccountPage.editAccountInformationOption(AccountPage.java:22)
at pageObject.AccountPage.editAccountInformationOption(AccountPage.java:22)
at pageObject.AccountPage.editAccountInformationOption(AccountPage.java:22)
at pageObject.AccountPage.editAccountInformationOption(AccountPage.java:22)
at pageObject.AccountPage.editAccountInformationOption(AccountPage.java:22)
at pageObject.AccountPage.editAccountInformationOption(AccountPage.java:22)
at pageObject.AccountPage.editAccountInformationOption(AccountPage.java:22)
at pageObject.AccountPage.editAccountInformationOption(AccountPage.java:22)
at pageObject.AccountPage.editAccountInformationOption(AccountPage.java:22)
at pageObject.AccountPage.editAccountInformationOption(AccountPage.java:22)
at pageObject.AccountPage.editAccountInformationOption(AccountPage.java:22)
at pageObject.AccountPage.editAccountInformationOption(AccountPage.java:22)
at pageObject.AccountPage.editAccountInformationOption(AccountPage.java:22)
at pageObject.AccountPage.editAccountInformationOption(AccountPage.java:22)
at pageObject.AccountPage.editAccountInformationOption(AccountPage.java:22)
at pageObject.AccountPage.editAccountInformationOption(AccountPage.java:22)
at pageObject.AccountPage.editAccountInformationOption(AccountPage.java:22)
at pageObject.AccountPage.editAccountInformationOption(AccountPage.java:22)
at pageObject.AccountPage.editAccountInformationOption(AccountPage.java:22)
at pageObject.AccountPage.editAccountInformationOption(AccountPage.java:22)
at pageObject.AccountPage.editAccountInformationOption(AccountPage.java:22)
at pageObject.AccountPage.editAccountInformationOption(AccountPage.java:22)
at pageObject.AccountPage.editAccountInformationOption(AccountPage.java:22)
at pageObject.AccountPage.editAccountInformationOption(AccountPage.java:22)
at pageObject.AccountPage.editAccountInformationOption(AccountPage.java:22)
at pageObject.AccountPage.editAccountInformationOption(AccountPage.java:22)
at pageObject.AccountPage.editAccountInformationOption(AccountPage.java:22)
at pageObject.AccountPage.editAccountInformationOption(AccountPage.java:22)
at pageObject.AccountPage.editAccountInformationOption(AccountPage.java:22)
at pageObject.AccountPage.editAccountInformationOption(AccountPage.java:22)
at pageObject.AccountPage.editAccountInformationOption(AccountPage.java:22)
at pageObject.AccountPage.editAccountInformationOption(AccountPage.java:22)
at pageObject.AccountPage.editAccountInformationOption(AccountPage.java:22)
at pageObject.AccountPage.editAccountInformationOption(AccountPage.java:22)
at pageObject.AccountPage.editAccountInformationOption(AccountPage.java:22)
at pageObject.AccountPage.editAccountInformationOption(AccountPage.java:22)
at pageObject.AccountPage.editAccountInformationOption(AccountPage.java:22)
at pageObject.AccountPage.editAccountInformationOption(AccountPage.java:22)
at pageObject.AccountPage.editAccountInformationOption(AccountPage.java:22)
at pageObject.AccountPage.editAccountInformationOption(AccountPage.java:22)
at pageObject.AccountPage.editAccountInformationOption(AccountPage.java:22)
at pageObject.AccountPage.editAccountInformationOption(AccountPage.java:22)
at pageObject.AccountPage.editAccountInformationOption(AccountPage.java:22)
at pageObject.AccountPage.editAccountInformationOption(AccountPage.java:22)
at pageObject.AccountPage.editAccountInformationOption(AccountPage.java:22)
at pageObject.AccountPage.editAccountInformationOption(AccountPage.java:22)
at pageObject.AccountPage.editAccountInformationOption(AccountPage.java:22)
at pageObject.AccountPage.editAccountInformationOption(AccountPage.java:22)
at pageObject.AccountPage.editAccountInformationOption(AccountPage.java:22)
at pageObject.AccountPage.editAccountInformationOption(AccountPage.java:22)
at pageObject.AccountPage.editAccountInformationOption(AccountPage.java:22)
at pageObject.AccountPage.editAccountInformationOption(AccountPage.java:22)
at pageObject.AccountPage.editAccountInformationOption(AccountPage.java:22)
at pageObject.AccountPage.editAccountInformationOption(AccountPage.java:22)
at pageObject.AccountPage.editAccountInformationOption(AccountPage.java:22)
at pageObject.AccountPage.editAccountInformationOption(AccountPage.java:22)
at pageObject.AccountPage.editAccountInformationOption(AccountPage.java:22)
at pageObject.AccountPage.editAccountInformationOption(AccountPage.java:22)
at pageObject.AccountPage.editAccountInformationOption(AccountPage.java:22)
at pageObject.AccountPage.editAccountInformationOption(AccountPage.java:22)
at pageObject.AccountPage.editAccountInformationOption(AccountPage.java:22)
at pageObject.AccountPage.editAccountInformationOption(AccountPage.java:22)
at pageObject.AccountPage.editAccountInformationOption(AccountPage.java:22)
at pageObject.AccountPage.editAccountInformationOption(AccountPage.java:22)
at pageObject.AccountPage.editAccountInformationOption(AccountPage.java:22)
at pageObject.AccountPage.editAccountInformationOption(AccountPage.java:22)
at pageObject.AccountPage.editAccountInformationOption(AccountPage.java:22)
at pageObject.AccountPage.editAccountInformationOption(AccountPage.java:22)
at pageObject.AccountPage.editAccountInformationOption(AccountPage.java:22)
at pageObject.AccountPage.editAccountInformationOption(AccountPage.java:22)
at pageObject.AccountPage.editAccountInformationOption(AccountPage.java:22)
at pageObject.AccountPage.editAccountInformationOption(AccountPage.java:22)
at pageObject.AccountPage.editAccountInformationOption(AccountPage.java:22)
at pageObject.AccountPage.editAccountInformationOption(AccountPage.java:22)
at pageObject.AccountPage.editAccountInformationOption(AccountPage.java:22)
at pageObject.AccountPage.editAccountInformationOption(AccountPage.java:22)
at pageObject.AccountPage.editAccountInformationOption(AccountPage.java:22)
at pageObject.AccountPage.editAccountInformationOption(AccountPage.java:22)
at pageObject.AccountPage.editAccountInformationOption(AccountPage.java:22)
at pageObject.AccountPage.editAccountInformationOption(AccountPage.java:22)
at pageObject.AccountPage.editAccountInformationOption(AccountPage.java:22)
at pageObject.AccountPage.editAccountInformationOption(AccountPage.java:22)
at pageObject.AccountPage.editAccountInformationOption(AccountPage.java:22)
at pageObject.AccountPage.editAccountInformationOption(AccountPage.java:22)
at pageObject.AccountPage.editAccountInformationOption(AccountPage.java:22)
at pageObject.AccountPage.editAccountInformationOption(AccountPage.java:22)
at pageObject.AccountPage.editAccountInformationOption(AccountPage.java:22)
at pageObject.AccountPage.editAccountInformationOption(AccountPage.java:22)
at pageObject.AccountPage.editAccountInformationOption(AccountPage.java:22)
at pageObject.AccountPage.editAccountInformationOption(AccountPage.java:22)
at pageObject.AccountPage.editAccountInformationOption(AccountPage.java:22)
at pageObject.AccountPage.editAccountInformationOption(AccountPage.java:22)
at pageObject.AccountPage.editAccountInformationOption(AccountPage.java:22)
at pageObject.AccountPage.editAccountInformationOption(AccountPage.java:22)
at pageObject.AccountPage.editAccountInformationOption(AccountPage.java:22)
at pageObject.AccountPage.editAccountInformationOption(AccountPage.java:22)
at pageObject.AccountPage.editAccountInformationOption(AccountPage.java:22)
at pageObject.AccountPage.editAccountInformationOption(AccountPage.java:22)
at pageObject.AccountPage.editAccountInformationOption(AccountPage.java:22)
at pageObject.AccountPage.editAccountInformationOption(AccountPage.java:22)
at pageObject.AccountPage.editAccountInformationOption(AccountPage.java:22)
at pageObject.AccountPage.editAccountInformationOption(AccountPage.java:22)
at pageObject.AccountPage.editAccountInformationOption(AccountPage.java:22)
at pageObject.AccountPage.editAccountInformationOption(AccountPage.java:22)
at pageObject.AccountPage.editAccountInformationOption(AccountPage.java:22)
at pageObject.AccountPage.editAccountInformationOption(AccountPage.java:22)
at pageObject.AccountPage.editAccountInformationOption(AccountPage.java:22)
at pageObject.AccountPage.editAccountInformationOption(AccountPage.java:22)
at pageObject.AccountPage.editAccountInformationOption(AccountPage.java:22)
at pageObject.AccountPage.editAccountInformationOption(AccountPage.java:22)
at pageObject.AccountPage.editAccountInformationOption(AccountPage.java:22)
at pageObject.AccountPage.editAccountInformationOption(AccountPage.java:22)
at pageObject.AccountPage.editAccountInformationOption(AccountPage.java:22)
at pageObject.AccountPage.editAccountInformationOption(AccountPage.java:22)
at pageObject.AccountPage.editAccountInformationOption(AccountPage.java:22)
at pageObject.AccountPage.editAccountInformationOption(AccountPage.java:22)
at pageObject.AccountPage.editAccountInformationOption(AccountPage.java:22)
at pageObject.AccountPage.editAccountInformationOption(AccountPage.java:22)
at pageObject.AccountPage.editAccountInformationOption(AccountPage.java:22)
at pageObject.AccountPage.editAccountInformationOption(AccountPage.java:22)
at pageObject.AccountPage.editAccountInformationOption(AccountPage.java:22)
at pageObject.AccountPage.editAccountInformationOption(AccountPage.java:22)
at pageObject.AccountPage.editAccountInformationOption(AccountPage.java:22)
at pageObject.AccountPage.editAccountInformationOption(AccountPage.java:22)
at pageObject.AccountPage.editAccountInformationOption(AccountPage.java:22)
at pageObject.AccountPage.editAccountInformationOption(AccountPage.java:22)
at pageObject.AccountPage.editAccountInformationOption(AccountPage.java:22)
at pageObject.AccountPage.editAccountInformationOption(AccountPage.java:22)
at pageObject.AccountPage.editAccountInformationOption(AccountPage.java:22)
at pageObject.AccountPage.editAccountInformationOption(AccountPage.java:22)
at pageObject.AccountPage.editAccountInformationOption(AccountPage.java:22)
at pageObject.AccountPage.editAccountInformationOption(AccountPage.java:22)
at pageObject.AccountPage.editAccountInformationOption(AccountPage.java:22)
at pageObject.AccountPage.editAccountInformationOption(AccountPage.java:22)
at pageObject.AccountPage.editAccountInformationOption(AccountPage.java:22)
at pageObject.AccountPage.editAccountInformationOption(AccountPage.java:22)
at pageObject.AccountPage.editAccountInformationOption(AccountPage.java:22)
at pageObject.AccountPage.editAccountInformationOption(AccountPage.java:22)
at pageObject.AccountPage.editAccountInformationOption(AccountPage.java:22)
at pageObject.AccountPage.editAccountInformationOption(AccountPage.java:22)
at pageObject.AccountPage.editAccountInformationOption(AccountPage.java:22)
at pageObject.AccountPage.editAccountInformationOption(AccountPage.java:22)
at pageObject.AccountPage.editAccountInformationOption(AccountPage.java:22)
at pageObject.AccountPage.editAccountInformationOption(AccountPage.java:22)
at pageObject.AccountPage.editAccountInformationOption(AccountPage.java:22)
at pageObject.AccountPage.editAccountInformationOption(AccountPage.java:22)
at pageObject.AccountPage.editAccountInformationOption(AccountPage.java:22)
at pageObject.AccountPage.editAccountInformationOption(AccountPage.java:22)
at pageObject.AccountPage.editAccountInformationOption(AccountPage.java:22)
at pageObject.AccountPage.editAccountInformationOption(AccountPage.java:22)
at pageObject.AccountPage.editAccountInformationOption(AccountPage.java:22)
at pageObject.AccountPage.editAccountInformationOption(AccountPage.java:22)
at pageObject.AccountPage.editAccountInformationOption(AccountPage.java:22)
at pageObject.AccountPage.editAccountInformationOption(AccountPage.java:22)
at pageObject.AccountPage.editAccountInformationOption(AccountPage.java:22)
at pageObject.AccountPage.editAccountInformationOption(AccountPage.java:22)
at pageObject.AccountPage.editAccountInformationOption(AccountPage.java:22)
at pageObject.AccountPage.editAccountInformationOption(AccountPage.java:22)
at pageObject.AccountPage.editAccountInformationOption(AccountPage.java:22)
at pageObject.AccountPage.editAccountInformationOption(AccountPage.java:22)
at pageObject.AccountPage.editAccountInformationOption(AccountPage.java:22)
at pageObject.AccountPage.editAccountInformationOption(AccountPage.java:22)
at pageObject.AccountPage.editAccountInformationOption(AccountPage.java:22)
at pageObject.AccountPage.editAccountInformationOption(AccountPage.java:22)
at pageObject.AccountPage.editAccountInformationOption(AccountPage.java:22)
at pageObject.AccountPage.editAccountInformationOption(AccountPage.java:22)
at pageObject.AccountPage.editAccountInformationOption(AccountPage.java:22)
at pageObject.AccountPage.editAccountInformationOption(AccountPage.java:22)
at pageObject.AccountPage.editAccountInformationOption(AccountPage.java:22)
at pageObject.AccountPage.editAccountInformationOption(AccountPage.java:22)
at pageObject.AccountPage.editAccountInformationOption(AccountPage.java:22)
at pageObject.AccountPage.editAccountInformationOption(AccountPage.java:22)
at pageObject.AccountPage.editAccountInformationOption(AccountPage.java:22)
at pageObject.AccountPage.editAccountInformationOption(AccountPage.java:22)
at pageObject.AccountPage.editAccountInformationOption(AccountPage.java:22)
at pageObject.AccountPage.editAccountInformationOption(AccountPage.java:22)
at pageObject.AccountPage.editAccountInformationOption(AccountPage.java:22)
at pageObject.AccountPage.editAccountInformationOption(AccountPage.java:22)
at pageObject.AccountPage.editAccountInformationOption(AccountPage.java:22)
at pageObject.AccountPage.editAccountInformationOption(AccountPage.java:22)
at pageObject.AccountPage.editAccountInformationOption(AccountPage.java:22)
at pageObject.AccountPage.editAccountInformationOption(AccountPage.java:22)
at pageObject.AccountPage.editAccountInformationOption(AccountPage.java:22)
at pageObject.AccountPage.editAccountInformationOption(AccountPage.java:22)
at pageObject.AccountPage.editAccountInformationOption(AccountPage.java:22)
at pageObject.AccountPage.editAccountInformationOption(AccountPage.java:22)
at pageObject.AccountPage.editAccountInformationOption(AccountPage.java:22)
at pageObject.AccountPage.editAccountInformationOption(AccountPage.java:22)
at pageObject.AccountPage.editAccountInformationOption(AccountPage.java:22)
at pageObject.AccountPage.editAccountInformationOption(AccountPage.java:22)
at pageObject.AccountPage.editAccountInformationOption(AccountPage.java:22)
at pageObject.AccountPage.editAccountInformationOption(AccountPage.java:22)
at pageObject.AccountPage.editAccountInformationOption(AccountPage.java:22)
at pageObject.AccountPage.editAccountInformationOption(AccountPage.java:22)
at pageObject.AccountPage.editAccountInformationOption(AccountPage.java:22)
at pageObject.AccountPage.editAccountInformationOption(AccountPage.java:22)
at pageObject.AccountPage.editAccountInformationOption(AccountPage.java:22)
at pageObject.AccountPage.editAccountInformationOption(AccountPage.java:22)
at pageObject.AccountPage.editAccountInformationOption(AccountPage.java:22)
at pageObject.AccountPage.editAccountInformationOption(AccountPage.java:22)
at pageObject.AccountPage.editAccountInformationOption(AccountPage.java:22)
at pageObject.AccountPage.editAccountInformationOption(AccountPage.java:22)
at pageObject.AccountPage.editAccountInformationOption(AccountPage.java:22)
at pageObject.AccountPage.editAccountInformationOption(AccountPage.java:22)
at pageObject.AccountPage.editAccountInformationOption(AccountPage.java:22)
at pageObject.AccountPage.editAccountInformationOption(AccountPage.java:22)
at pageObject.AccountPage.editAccountInformationOption(AccountPage.java:22)
at pageObject.AccountPage.editAccountInformationOption(AccountPage.java:22)
at pageObject.AccountPage.editAccountInformationOption(AccountPage.java:22)
at pageObject.AccountPage.editAccountInformationOption(AccountPage.java:22)
at pageObject.AccountPage.editAccountInformationOption(AccountPage.java:22)
at pageObject.AccountPage.editAccountInformationOption(AccountPage.java:22)
at pageObject.AccountPage.editAccountInformationOption(AccountPage.java:22)
at pageObject.AccountPage.editAccountInformationOption(AccountPage.java:22)
at pageObject.AccountPage.editAccountInformationOption(AccountPage.java:22)
at pageObject.AccountPage.editAccountInformationOption(AccountPage.java:22)
at pageObject.AccountPage.editAccountInformationOption(AccountPage.java:22)
at pageObject.AccountPage.editAccountInformationOption(AccountPage.java:22)
at pageObject.AccountPage.editAccountInformationOption(AccountPage.java:22)
at pageObject.AccountPage.editAccountInformationOption(AccountPage.java:22)
at pageObject.AccountPage.editAccountInformationOption(AccountPage.java:22)
at pageObject.AccountPage.editAccountInformationOption(AccountPage.java:22)
at pageObject.AccountPage.editAccountInformationOption(AccountPage.java:22)
at pageObject.AccountPage.editAccountInformationOption(AccountPage.java:22)
at pageObject.AccountPage.editAccountInformationOption(AccountPage.java:22)
at pageObject.AccountPage.editAccountInformationOption(AccountPage.java:22)
at pageObject.AccountPage.editAccountInformationOption(AccountPage.java:22)
at pageObject.AccountPage.editAccountInformationOption(AccountPage.java:22)
at pageObject.AccountPage.editAccountInformationOption(AccountPage.java:22)
at pageObject.AccountPage.editAccountInformationOption(AccountPage.java:22)
at pageObject.AccountPage.editAccountInformationOption(AccountPage.java:22)
at pageObject.AccountPage.editAccountInformationOption(AccountPage.java:22)
at pageObject.AccountPage.editAccountInformationOption(AccountPage.java:22)
at pageObject.AccountPage.editAccountInformationOption(AccountPage.java:22)
at pageObject.AccountPage.editAccountInformationOption(AccountPage.java:22)
at pageObject.AccountPage.editAccountInformationOption(AccountPage.java:22)
at pageObject.AccountPage.editAccountInformationOption(AccountPage.java:22)
at pageObject.AccountPage.editAccountInformationOption(AccountPage.java:22)
at pageObject.AccountPage.editAccountInformationOption(AccountPage.java:22)
at pageObject.AccountPage.editAccountInformationOption(AccountPage.java:22)
at pageObject.AccountPage.editAccountInformationOption(AccountPage.java:22)
at pageObject.AccountPage.editAccountInformationOption(AccountPage.java:22)
at pageObject.AccountPage.editAccountInformationOption(AccountPage.java:22)
at pageObject.AccountPage.editAccountInformationOption(AccountPage.java:22)
at pageObject.AccountPage.editAccountInformationOption(AccountPage.java:22)
at pageObject.AccountPage.editAccountInformationOption(AccountPage.java:22)
at pageObject.AccountPage.editAccountInformationOption(AccountPage.java:22)
at pageObject.AccountPage.editAccountInformationOption(AccountPage.java:22)
at pageObject.AccountPage.editAccountInformationOption(AccountPage.java:22)
at pageObject.AccountPage.editAccountInformationOption(AccountPage.java:22)
at pageObject.AccountPage.editAccountInformationOption(AccountPage.java:22)
at pageObject.AccountPage.editAccountInformationOption(AccountPage.java:22)
at pageObject.AccountPage.editAccountInformationOption(AccountPage.java:22)
at pageObject.AccountPage.editAccountInformationOption(AccountPage.java:22)
at pageObject.AccountPage.editAccountInformationOption(AccountPage.java:22)
at pageObject.AccountPage.editAccountInformationOption(AccountPage.java:22)
at pageObject.AccountPage.editAccountInformationOption(AccountPage.java:22)
at pageObject.AccountPage.editAccountInformationOption(AccountPage.java:22)
at pageObject.AccountPage.editAccountInformationOption(AccountPage.java:22)
at pageObject.AccountPage.editAccountInformationOption(AccountPage.java:22)
at pageObject.AccountPage.editAccountInformationOption(AccountPage.java:22)
at pageObject.AccountPage.editAccountInformationOption(AccountPage.java:22)
at pageObject.AccountPage.editAccountInformationOption(AccountPage.java:22)
at pageObject.AccountPage.editAccountInformationOption(AccountPage.java:22)
at pageObject.AccountPage.editAccountInformationOption(AccountPage.java:22)
at pageObject.AccountPage.editAccountInformationOption(AccountPage.java:22)
at pageObject.AccountPage.editAccountInformationOption(AccountPage.java:22)
at pageObject.AccountPage.editAccountInformationOption(AccountPage.java:22)
at pageObject.AccountPage.editAccountInformationOption(AccountPage.java:22)
at pageObject.AccountPage.editAccountInformationOption(AccountPage.java:22)
at pageObject.AccountPage.editAccountInformationOption(AccountPage.java:22)
at pageObject.AccountPage.editAccountInformationOption(AccountPage.java:22)
at pageObject.AccountPage.editAccountInformationOption(AccountPage.java:22)
at pageObject.AccountPage.editAccountInformationOption(AccountPage.java:22)
at pageObject.AccountPage.editAccountInformationOption(AccountPage.java:22)
at pageObject.AccountPage.editAccountInformationOption(AccountPage.java:22)
at pageObject.AccountPage.editAccountInformationOption(AccountPage.java:22)
at pageObject.AccountPage.editAccountInformationOption(AccountPage.java:22)
at pageObject.AccountPage.editAccountInformationOption(AccountPage.java:22)
at pageObject.AccountPage.editAccountInformationOption(AccountPage.java:22)
at pageObject.AccountPage.editAccountInformationOption(AccountPage.java:22)
at pageObject.AccountPage.editAccountInformationOption(AccountPage.java:22)
at pageObject.AccountPage.editAccountInformationOption(AccountPage.java:22)
at pageObject.AccountPage.editAccountInformationOption(AccountPage.java:22)
at pageObject.AccountPage.editAccountInformationOption(AccountPage.java:22)
at pageObject.AccountPage.editAccountInformationOption(AccountPage.java:22)
at pageObject.AccountPage.editAccountInformationOption(AccountPage.java:22)
at pageObject.AccountPage.editAccountInformationOption(AccountPage.java:22)
at pageObject.AccountPage.editAccountInformationOption(AccountPage.java:22)
at pageObject.AccountPage.editAccountInformationOption(AccountPage.java:22)
at pageObject.AccountPage.editAccountInformationOption(AccountPage.java:22)
at pageObject.AccountPage.editAccountInformationOption(AccountPage.java:22)
at pageObject.AccountPage.editAccountInformationOption(AccountPage.java:22)
at pageObject.AccountPage.editAccountInformationOption(AccountPage.java:22)
at pageObject.AccountPage.editAccountInformationOption(AccountPage.java:22)
at pageObject.AccountPage.editAccountInformationOption(AccountPage.java:22)
at pageObject.AccountPage.editAccountInformationOption(AccountPage.java:22)
at pageObject.AccountPage.editAccountInformationOption(AccountPage.java:22)
at pageObject.AccountPage.editAccountInformationOption(AccountPage.java:22)
at pageObject.AccountPage.editAccountInformationOption(AccountPage.java:22)
at pageObject.AccountPage.editAccountInformationOption(AccountPage.java:22)
at pageObject.AccountPage.editAccountInformationOption(AccountPage.java:22)
at pageObject.AccountPage.editAccountInformationOption(AccountPage.java:22)
at pageObject.AccountPage.editAccountInformationOption(AccountPage.java:22)
at pageObject.AccountPage.editAccountInformationOption(AccountPage.java:22)
at pageObject.AccountPage.editAccountInformationOption(AccountPage.java:22)
at pageObject.AccountPage.editAccountInformationOption(AccountPage.java:22)
at pageObject.AccountPage.editAccountInformationOption(AccountPage.java:22)
at pageObject.AccountPage.editAccountInformationOption(AccountPage.java:22)
at pageObject.AccountPage.editAccountInformationOption(AccountPage.java:22)
at pageObject.AccountPage.editAccountInformationOption(AccountPage.java:22)
at pageObject.AccountPage.editAccountInformationOption(AccountPage.java:22)
at pageObject.AccountPage.editAccountInformationOption(AccountPage.java:22)
at pageObject.AccountPage.editAccountInformationOption(AccountPage.java:22)
at pageObject.AccountPage.editAccountInformationOption(AccountPage.java:22)
at pageObject.AccountPage.editAccountInformationOption(AccountPage.java:22)
at pageObject.AccountPage.editAccountInformationOption(AccountPage.java:22)
at pageObject.AccountPage.editAccountInformationOption(AccountPage.java:22)
at pageObject.AccountPage.editAccountInformationOption(AccountPage.java:22)
at pageObject.AccountPage.editAccountInformationOption(AccountPage.java:22)
at pageObject.AccountPage.editAccountInformationOption(AccountPage.java:22)
at pageObject.AccountPage.editAccountInformationOption(AccountPage.java:22)
at pageObject.AccountPage.editAccountInformationOption(AccountPage.java:22)
at pageObject.AccountPage.editAccountInformationOption(AccountPage.java:22)
at pageObject.AccountPage.editAccountInformationOption(AccountPage.java:22)
at pageObject.AccountPage.editAccountInformationOption(AccountPage.java:22)
at pageObject.AccountPage.editAccountInformationOption(AccountPage.java:22)
at pageObject.AccountPage.editAccountInformationOption(AccountPage.java:22)
at pageObject.AccountPage.editAccountInformationOption(AccountPage.java:22)
at pageObject.AccountPage.editAccountInformationOption(AccountPage.java:22)
at pageObject.AccountPage.editAccountInformationOption(AccountPage.java:22)
at pageObject.AccountPage.editAccountInformationOption(AccountPage.java:22)
at pageObject.AccountPage.editAccountInformationOption(AccountPage.java:22)
at pageObject.AccountPage.editAccountInformationOption(AccountPage.java:22)
at pageObject.AccountPage.editAccountInformationOption(AccountPage.java:22)
at pageObject.AccountPage.editAccountInformationOption(AccountPage.java:22)
at pageObject.AccountPage.editAccountInformationOption(AccountPage.java:22)
at pageObject.AccountPage.editAccountInformationOption(AccountPage.java:22)
at pageObject.AccountPage.editAccountInformationOption(AccountPage.java:22)
at pageObject.AccountPage.editAccountInformationOption(AccountPage.java:22)
at pageObject.AccountPage.editAccountInformationOption(AccountPage.java:22)
at pageObject.AccountPage.editAccountInformationOption(AccountPage.java:22)
at pageObject.AccountPage.editAccountInformationOption(AccountPage.java:22)
at pageObject.AccountPage.editAccountInformationOption(AccountPage.java:22)
at pageObject.AccountPage.editAccountInformationOption(AccountPage.java:22)
at pageObject.AccountPage.editAccountInformationOption(AccountPage.java:22)
at pageObject.AccountPage.editAccountInformationOption(AccountPage.java:22)
at pageObject.AccountPage.editAccountInformationOption(AccountPage.java:22)
at pageObject.AccountPage.editAccountInformationOption(AccountPage.java:22)
at pageObject.AccountPage.editAccountInformationOption(AccountPage.java:22)
at pageObject.AccountPage.editAccountInformationOption(AccountPage.java:22)
at pageObject.AccountPage.editAccountInformationOption(AccountPage.java:22)
at pageObject.AccountPage.editAccountInformationOption(AccountPage.java:22)
at pageObject.AccountPage.editAccountInformationOption(AccountPage.java:22)
at pageObject.AccountPage.editAccountInformationOption(AccountPage.java:22)
at pageObject.AccountPage.editAccountInformationOption(AccountPage.java:22)
at pageObject.AccountPage.editAccountInformationOption(AccountPage.java:22)
at pageObject.AccountPage.editAccountInformationOption(AccountPage.java:22)
at pageObject.AccountPage.editAccountInformationOption(AccountPage.java:22)
at pageObject.AccountPage.editAccountInformationOption(AccountPage.java:22)
at pageObject.AccountPage.editAccountInformationOption(AccountPage.java:22)
at pageObject.AccountPage.editAccountInformationOption(AccountPage.java:22)
at pageObject.AccountPage.editAccountInformationOption(AccountPage.java:22)
at pageObject.AccountPage.editAccountInformationOption(AccountPage.java:22)
at pageObject.AccountPage.editAccountInformationOption(AccountPage.java:22)
at pageObject.AccountPage.editAccountInformationOption(AccountPage.java:22)
at pageObject.AccountPage.editAccountInformationOption(AccountPage.java:22)
at pageObject.AccountPage.editAccountInformationOption(AccountPage.java:22)
at pageObject.AccountPage.editAccountInformationOption(AccountPage.java:22)
at pageObject.AccountPage.editAccountInformationOption(AccountPage.java:22)
at pageObject.AccountPage.editAccountInformationOption(AccountPage.java:22)
at pageObject.AccountPage.editAccountInformationOption(AccountPage.java:22)
at pageObject.AccountPage.editAccountInformationOption(AccountPage.java:22)
at pageObject.AccountPage.editAccountInformationOption(AccountPage.java:22)
at pageObject.AccountPage.editAccountInformationOption(AccountPage.java:22)
at pageObject.AccountPage.editAccountInformationOption(AccountPage.java:22)
at pageObject.AccountPage.editAccountInformationOption(AccountPage.java:22)
at pageObject.AccountPage.editAccountInformationOption(AccountPage.java:22)
at pageObject.AccountPage.editAccountInformationOption(AccountPage.java:22)
at pageObject.AccountPage.editAccountInformationOption(AccountPage.java:22)
at pageObject.AccountPage.editAccountInformationOption(AccountPage.java:22)
at pageObject.AccountPage.editAccountInformationOption(AccountPage.java:22)
at pageObject.AccountPage.editAccountInformationOption(AccountPage.java:22)
at pageObject.AccountPage.editAccountInformationOption(AccountPage.java:22)
at pageObject.AccountPage.editAccountInformationOption(AccountPage.java:22)
at pageObject.AccountPage.editAccountInformationOption(AccountPage.java:22)
at pageObject.AccountPage.editAccountInformationOption(AccountPage.java:22)
at pageObject.AccountPage.editAccountInformationOption(AccountPage.java:22)
at pageObject.AccountPage.editAccountInformationOption(AccountPage.java:22)
at pageObject.AccountPage.editAccountInformationOption(AccountPage.java:22)
at pageObject.AccountPage.editAccountInformationOption(AccountPage.java:22)
at pageObject.AccountPage.editAccountInformationOption(AccountPage.java:22)
at pageObject.AccountPage.editAccountInformationOption(AccountPage.java:22)
at pageObject.AccountPage.editAccountInformationOption(AccountPage.java:22)
at pageObject.AccountPage.editAccountInformationOption(AccountPage.java:22)
at pageObject.AccountPage.editAccountInformationOption(AccountPage.java:22)
at pageObject.AccountPage.editAccountInformationOption(AccountPage.java:22)
at pageObject.AccountPage.editAccountInformationOption(AccountPage.java:22)
at pageObject.AccountPage.editAccountInformationOption(AccountPage.java:22)
at pageObject.AccountPage.editAccountInformationOption(AccountPage.java:22)
at pageObject.AccountPage.editAccountInformationOption(AccountPage.java:22)
at pageObject.AccountPage.editAccountInformationOption(AccountPage.java:22)
at pageObject.AccountPage.editAccountInformationOption(AccountPage.java:22)
at pageObject.AccountPage.editAccountInformationOption(AccountPage.java:22)
at pageObject.AccountPage.editAccountInformationOption(AccountPage.java:22)
at pageObject.AccountPage.editAccountInformationOption(AccountPage.java:22)
at pageObject.AccountPage.editAccountInformationOption(AccountPage.java:22)
at pageObject.AccountPage.editAccountInformationOption(AccountPage.java:22)
at pageObject.AccountPage.editAccountInformationOption(AccountPage.java:22)
at pageObject.AccountPage.editAccountInformationOption(AccountPage.java:22)
at pageObject.AccountPage.editAccountInformationOption(AccountPage.java:22)
at pageObject.AccountPage.editAccountInformationOption(AccountPage.java:22)
at pageObject.AccountPage.editAccountInformationOption(AccountPage.java:22)
at pageObject.AccountPage.editAccountInformationOption(AccountPage.java:22)
at pageObject.AccountPage.editAccountInformationOption(AccountPage.java:22)
at pageObject.AccountPage.editAccountInformationOption(AccountPage.java:22)
at pageObject.AccountPage.editAccountInformationOption(AccountPage.java:22)
at pageObject.AccountPage.editAccountInformationOption(AccountPage.java:22)
at pageObject.AccountPage.editAccountInformationOption(AccountPage.java:22)
at pageObject.AccountPage.editAccountInformationOption(AccountPage.java:22)
at pageObject.AccountPage.editAccountInformationOption(AccountPage.java:22)
at pageObject.AccountPage.editAccountInformationOption(AccountPage.java:22)
at pageObject.AccountPage.editAccountInformationOption(AccountPage.java:22)
at pageObject.AccountPage.editAccountInformationOption(AccountPage.java:22)
at pageObject.AccountPage.editAccountInformationOption(AccountPage.java:22)
at pageObject.AccountPage.editAccountInformationOption(AccountPage.java:22)
at pageObject.AccountPage.editAccountInformationOption(AccountPage.java:22)
at pageObject.AccountPage.editAccountInformationOption(AccountPage.java:22)
at pageObject.AccountPage.editAccountInformationOption(AccountPage.java:22)
at pageObject.AccountPage.editAccountInformationOption(AccountPage.java:22)
at pageObject.AccountPage.editAccountInformationOption(AccountPage.java:22)
at pageObject.AccountPage.editAccountInformationOption(AccountPage.java:22)
at pageObject.AccountPage.editAccountInformationOption(AccountPage.java:22)
at pageObject.AccountPage.editAccountInformationOption(AccountPage.java:22)
at pageObject.AccountPage.editAccountInformationOption(AccountPage.java:22)
at pageObject.AccountPage.editAccountInformationOption(AccountPage.java:22)
at pageObject.AccountPage.editAccountInformationOption(AccountPage.java:22)
at pageObject.AccountPage.editAccountInformationOption(AccountPage.java:22)
at pageObject.AccountPage.editAccountInformationOption(AccountPage.java:22)
at pageObject.AccountPage.editAccountInformationOption(AccountPage.java:22)
at pageObject.AccountPage.editAccountInformationOption(AccountPage.java:22)
at pageObject.AccountPage.editAccountInformationOption(AccountPage.java:22)
at pageObject.AccountPage.editAccountInformationOption(AccountPage.java:22)
at pageObject.AccountPage.editAccountInformationOption(AccountPage.java:22)
at pageObject.AccountPage.editAccountInformationOption(AccountPage.java:22)
at pageObject.AccountPage.editAccountInformationOption(AccountPage.java:22)
at pageObject.AccountPage.editAccountInformationOption(AccountPage.java:22)
at pageObject.AccountPage.editAccountInformationOption(AccountPage.java:22)
at pageObject.AccountPage.editAccountInformationOption(AccountPage.java:22)
at pageObject.AccountPage.editAccountInformationOption(AccountPage.java:22)
at pageObject.AccountPage.editAccountInformationOption(AccountPage.java:22)
at pageObject.AccountPage.editAccountInformationOption(AccountPage.java:22)
at pageObject.AccountPage.editAccountInformationOption(AccountPage.java:22)
at pageObject.AccountPage.editAccountInformationOption(AccountPage.java:22)
at pageObject.AccountPage.editAccountInformationOption(AccountPage.java:22)
at pageObject.AccountPage.editAccountInformationOption(AccountPage.java:22)
at pageObject.AccountPage.editAccountInformationOption(AccountPage.java:22)
at pageObject.AccountPage.editAccountInformationOption(AccountPage.java:22)
at pageObject.AccountPage.editAccountInformationOption(AccountPage.java:22)
at pageObject.AccountPage.editAccountInformationOption(AccountPage.java:22)
at pageObject.AccountPage.editAccountInformationOption(AccountPage.java:22)
at pageObject.AccountPage.editAccountInformationOption(AccountPage.java:22)
at pageObject.AccountPage.editAccountInformationOption(AccountPage.java:22)
at pageObject.AccountPage.editAccountInformationOption(AccountPage.java:22)
at pageObject.AccountPage.editAccountInformationOption(AccountPage.java:22)
at pageObject.AccountPage.editAccountInformationOption(AccountPage.java:22)
at pageObject.AccountPage.editAccountInformationOption(AccountPage.java:22)
at pageObject.AccountPage.editAccountInformationOption(AccountPage.java:22)
at pageObject.AccountPage.editAccountInformationOption(AccountPage.java:22)
at pageObject.AccountPage.editAccountInformationOption(AccountPage.java:22)
at pageObject.AccountPage.editAccountInformationOption(AccountPage.java:22)
at pageObject.AccountPage.editAccountInformationOption(AccountPage.java:22)
at pageObject.AccountPage.editAccountInformationOption(AccountPage.java:22)
at pageObject.AccountPage.editAccountInformationOption(AccountPage.java:22)
at pageObject.AccountPage.editAccountInformationOption(AccountPage.java:22)
at pageObject.AccountPage.editAccountInformationOption(AccountPage.java:22)
at pageObject.AccountPage.editAccountInformationOption(AccountPage.java:22)
at pageObject.AccountPage.editAccountInformationOption(AccountPage.java:22)
at pageObject.AccountPage.editAccountInformationOption(AccountPage.java:22)
at pageObject.AccountPage.editAccountInformationOption(AccountPage.java:22)
at pageObject.AccountPage.editAccountInformationOption(AccountPage.java:22)
at pageObject.AccountPage.editAccountInformationOption(AccountPage.java:22)
at pageObject.AccountPage.editAccountInformationOption(AccountPage.java:22)
at pageObject.AccountPage.editAccountInformationOption(AccountPage.java:22)
at pageObject.AccountPage.editAccountInformationOption(AccountPage.java:22)
at pageObject.AccountPage.editAccountInformationOption(AccountPage.java:22)
at pageObject.AccountPage.editAccountInformationOption(AccountPage.java:22)
at pageObject.AccountPage.editAccountInformationOption(AccountPage.java:22)
at pageObject.AccountPage.editAccountInformationOption(AccountPage.java:22)
at pageObject.AccountPage.editAccountInformationOption(AccountPage.java:22)
at pageObject.AccountPage.editAccountInformationOption(AccountPage.java:22)
at pageObject.AccountPage.editAccountInformationOption(AccountPage.java:22)
at pageObject.AccountPage.editAccountInformationOption(AccountPage.java:22)
at pageObject.AccountPage.editAccountInformationOption(AccountPage.java:22)
at pageObject.AccountPage.editAccountInformationOption(AccountPage.java:22)
at pageObject.AccountPage.editAccountInformationOption(AccountPage.java:22)
at pageObject.AccountPage.editAccountInformationOption(AccountPage.java:22)
at pageObject.AccountPage.editAccountInformationOption(AccountPage.java:22)
at pageObject.AccountPage.editAccountInformationOption(AccountPage.java:22)
at pageObject.AccountPage.editAccountInformationOption(AccountPage.java:22)
at pageObject.AccountPage.editAccountInformationOption(AccountPage.java:22)
]]>
    </failure>
  </testcase> <!-- login -->
  <testcase classname="test.LoginTest" name="login" time="6.069">
    <failure type="java.lang.StackOverflowError">
      <![CDATA[java.lang.StackOverflowError
at pageObject.AccountPage.editAccountInformationOption(AccountPage.java:22)
at pageObject.AccountPage.editAccountInformationOption(AccountPage.java:22)
at pageObject.AccountPage.editAccountInformationOption(AccountPage.java:22)
at pageObject.AccountPage.editAccountInformationOption(AccountPage.java:22)
at pageObject.AccountPage.editAccountInformationOption(AccountPage.java:22)
at pageObject.AccountPage.editAccountInformationOption(AccountPage.java:22)
at pageObject.AccountPage.editAccountInformationOption(AccountPage.java:22)
at pageObject.AccountPage.editAccountInformationOption(AccountPage.java:22)
at pageObject.AccountPage.editAccountInformationOption(AccountPage.java:22)
at pageObject.AccountPage.editAccountInformationOption(AccountPage.java:22)
at pageObject.AccountPage.editAccountInformationOption(AccountPage.java:22)
at pageObject.AccountPage.editAccountInformationOption(AccountPage.java:22)
at pageObject.AccountPage.editAccountInformationOption(AccountPage.java:22)
at pageObject.AccountPage.editAccountInformationOption(AccountPage.java:22)
at pageObject.AccountPage.editAccountInformationOption(AccountPage.java:22)
at pageObject.AccountPage.editAccountInformationOption(AccountPage.java:22)
at pageObject.AccountPage.editAccountInformationOption(AccountPage.java:22)
at pageObject.AccountPage.editAccountInformationOption(AccountPage.java:22)
at pageObject.AccountPage.editAccountInformationOption(AccountPage.java:22)
at pageObject.AccountPage.editAccountInformationOption(AccountPage.java:22)
[...]
at pageObject.AccountPage.editAccountInformationOption(AccountPage.java:22)
at pageObject.AccountPage.editAccountInformationOption(AccountPage.java:22)
at pageObject.AccountPage.editAccountInformationOption(AccountPage.java:22)
at pageObject.AccountPage.editAccountInformationOption(AccountPage.java:22)
at pageObject.AccountPage.editAccountInformationOption(AccountPage.java:22)
at pageObject.AccountPage.editAccountInformationOption(AccountPage.java:22)
at pageObject.AccountPage.editAccountInformationOption(AccountPage.java:22)
at pageObject.AccountPage.editAccountInformationOption(AccountPage.java:22)
at pageObject.AccountPage.editAccountInformationOption(AccountPage.java:22)
at pageObject.AccountPage.editAccountInformationOption(AccountPage.java:22)
at pageObject.AccountPage.editAccountInformationOption(AccountPage.java:22)
at pageObject.AccountPage.editAccountInformationOption(AccountPage.java:22)
at pageObject.AccountPage.editAccountInformationOption(AccountPage.java:22)
at pageObject.AccountPage.editAccountInformationOption(AccountPage.java:22)
at pageObject.AccountPage.editAccountInformationOption(AccountPage.java:22)
at pageObject.AccountPage.editAccountInformationOption(AccountPage.java:22)
at pageObject.AccountPage.editAccountInformationOption(AccountPage.java:22)
at pageObject.AccountPage.editAccountInformationOption(AccountPage.java:22)
at pageObject.AccountPage.editAccountInformationOption(AccountPage.java:22)
at pageObject.AccountPage.editAccountInformationOption(AccountPage.java:22)
at pageObject.AccountPage.editAccountInformationOption(AccountPage.java:22)
at pageObject.AccountPage.editAccountInformationOption(AccountPage.java:22)
at pageObject.AccountPage.editAccountInformationOption(AccountPage.java:22)
at pageObject.AccountPage.editAccountInformationOption(AccountPage.java:22)
at pageObject.AccountPage.editAccountInformationOption(AccountPage.java:22)
at pageObject.AccountPage.editAccountInformationOption(AccountPage.java:22)
at pageObject.AccountPage.editAccountInformationOption(AccountPage.java:22)
at pageObject.AccountPage.editAccountInformationOption(AccountPage.java:22)
at pageObject.AccountPage.editAccountInformationOption(AccountPage.java:22)
at pageObject.AccountPage.editAccountInformationOption(AccountPage.java:22)
at pageObject.AccountPage.editAccountInformationOption(AccountPage.java:22)
at pageObject.AccountPage.editAccountInformationOption(AccountPage.java:22)
at pageObject.AccountPage.editAccountInformationOption(AccountPage.java:22)
at pageObject.AccountPage.editAccountInformationOption(AccountPage.java:22)
at pageObject.AccountPage.editAccountInformationOption(AccountPage.java:22)
at pageObject.AccountPage.editAccountInformationOption(AccountPage.java:22)
at pageObject.AccountPage.editAccountInformationOption(AccountPage.java:22)
at pageObject.AccountPage.editAccountInformationOption(AccountPage.java:22)
at pageObject.AccountPage.editAccountInformationOption(AccountPage.java:22)
at pageObject.AccountPage.editAccountInformationOption(AccountPage.java:22)
at pageObject.AccountPage.editAccountInformationOption(AccountPage.java:22)
at pageObject.AccountPage.editAccountInformationOption(AccountPage.java:22)
at pageObject.AccountPage.editAccountInformationOption(AccountPage.java:22)
at pageObject.AccountPage.editAccountInformationOption(AccountPage.java:22)
at pageObject.AccountPage.editAccountInformationOption(AccountPage.java:22)
at pageObject.AccountPage.editAccountInformationOption(AccountPage.java:22)
at pageObject.AccountPage.editAccountInformationOption(AccountPage.java:22)
at pageObject.AccountPage.editAccountInformationOption(AccountPage.java:22)
at pageObject.AccountPage.editAccountInformationOption(AccountPage.java:22)
at pageObject.AccountPage.editAccountInformationOption(AccountPage.java:22)
at pageObject.AccountPage.editAccountInformationOption(AccountPage.java:22)
at pageObject.AccountPage.editAccountInformationOption(AccountPage.java:22)
at pageObject.AccountPage.editAccountInformationOption(AccountPage.java:22)
at pageObject.AccountPage.editAccountInformationOption(AccountPage.java:22)
at pageObject.AccountPage.editAccountInformationOption(AccountPage.java:22)
at pageObject.AccountPage.editAccountInformationOption(AccountPage.java:22)
at pageObject.AccountPage.editAccountInformationOption(AccountPage.java:22)
at pageObject.AccountPage.editAccountInformationOption(AccountPage.java:22)
at pageObject.AccountPage.editAccountInformationOption(AccountPage.java:22)
at pageObject.AccountPage.editAccountInformationOption(AccountPage.java:22)
at pageObject.AccountPage.editAccountInformationOption(AccountPage.java:22)
at pageObject.AccountPage.editAccountInformationOption(AccountPage.java:22)
at pageObject.AccountPage.editAccountInformationOption(AccountPage.java:22)
at pageObject.AccountPage.editAccountInformationOption(AccountPage.java:22)
at pageObject.AccountPage.editAccountInformationOption(AccountPage.java:22)
at pageObject.AccountPage.editAccountInformationOption(AccountPage.java:22)
at pageObject.AccountPage.editAccountInformationOption(AccountPage.java:22)
at pageObject.AccountPage.editAccountInformationOption(AccountPage.java:22)
at pageObject.AccountPage.editAccountInformationOption(AccountPage.java:22)
at pageObject.AccountPage.editAccountInformationOption(AccountPage.java:22)
at pageObject.AccountPage.editAccountInformationOption(AccountPage.java:22)
at pageObject.AccountPage.editAccountInformationOption(AccountPage.java:22)
at pageObject.AccountPage.editAccountInformationOption(AccountPage.java:22)
at pageObject.AccountPage.editAccountInformationOption(AccountPage.java:22)
at pageObject.AccountPage.editAccountInformationOption(AccountPage.java:22)
at pageObject.AccountPage.editAccountInformationOption(AccountPage.java:22)
at pageObject.AccountPage.editAccountInformationOption(AccountPage.java:22)
at pageObject.AccountPage.editAccountInformationOption(AccountPage.java:22)
at pageObject.AccountPage.editAccountInformationOption(AccountPage.java:22)
at pageObject.AccountPage.editAccountInformationOption(AccountPage.java:22)
at pageObject.AccountPage.editAccountInformationOption(AccountPage.java:22)
at pageObject.AccountPage.editAccountInformationOption(AccountPage.java:22)
at pageObject.AccountPage.editAccountInformationOption(AccountPage.java:22)
at pageObject.AccountPage.editAccountInformationOption(AccountPage.java:22)
at pageObject.AccountPage.editAccountInformationOption(AccountPage.java:22)
at pageObject.AccountPage.editAccountInformationOption(AccountPage.java:22)
at pageObject.AccountPage.editAccountInformationOption(AccountPage.java:22)
at pageObject.AccountPage.editAccountInformationOption(AccountPage.java:22)
at pageObject.AccountPage.editAccountInformationOption(AccountPage.java:22)
at pageObject.AccountPage.editAccountInformationOption(AccountPage.java:22)
at pageObject.AccountPage.editAccountInformationOption(AccountPage.java:22)
at pageObject.AccountPage.editAccountInformationOption(AccountPage.java:22)
at pageObject.AccountPage.editAccountInformationOption(AccountPage.java:22)
at pageObject.AccountPage.editAccountInformationOption(AccountPage.java:22)
at pageObject.AccountPage.editAccountInformationOption(AccountPage.java:22)
at pageObject.AccountPage.editAccountInformationOption(AccountPage.java:22)
at pageObject.AccountPage.editAccountInformationOption(AccountPage.java:22)
at pageObject.AccountPage.editAccountInformationOption(AccountPage.java:22)
at pageObject.AccountPage.editAccountInformationOption(AccountPage.java:22)
at pageObject.AccountPage.editAccountInformationOption(AccountPage.java:22)
at pageObject.AccountPage.editAccountInformationOption(AccountPage.java:22)
at pageObject.AccountPage.editAccountInformationOption(AccountPage.java:22)
at pageObject.AccountPage.editAccountInformationOption(AccountPage.java:22)
at pageObject.AccountPage.editAccountInformationOption(AccountPage.java:22)
at pageObject.AccountPage.editAccountInformationOption(AccountPage.java:22)
at pageObject.AccountPage.editAccountInformationOption(AccountPage.java:22)
at pageObject.AccountPage.editAccountInformationOption(AccountPage.java:22)
at pageObject.AccountPage.editAccountInformationOption(AccountPage.java:22)
at pageObject.AccountPage.editAccountInformationOption(AccountPage.java:22)
at pageObject.AccountPage.editAccountInformationOption(AccountPage.java:22)
at pageObject.AccountPage.editAccountInformationOption(AccountPage.java:22)
at pageObject.AccountPage.editAccountInformationOption(AccountPage.java:22)
at pageObject.AccountPage.editAccountInformationOption(AccountPage.java:22)
at pageObject.AccountPage.editAccountInformationOption(AccountPage.java:22)
at pageObject.AccountPage.editAccountInformationOption(AccountPage.java:22)
at pageObject.AccountPage.editAccountInformationOption(AccountPage.java:22)
at pageObject.AccountPage.editAccountInformationOption(AccountPage.java:22)
at pageObject.AccountPage.editAccountInformationOption(AccountPage.java:22)
at pageObject.AccountPage.editAccountInformationOption(AccountPage.java:22)
at pageObject.AccountPage.editAccountInformationOption(AccountPage.java:22)
at pageObject.AccountPage.editAccountInformationOption(AccountPage.java:22)
at pageObject.AccountPage.editAccountInformationOption(AccountPage.java:22)
at pageObject.AccountPage.editAccountInformationOption(AccountPage.java:22)
at pageObject.AccountPage.editAccountInformationOption(AccountPage.java:22)
at pageObject.AccountPage.editAccountInformationOption(AccountPage.java:22)
at pageObject.AccountPage.editAccountInformationOption(AccountPage.java:22)
at pageObject.AccountPage.editAccountInformationOption(AccountPage.java:22)
at pageObject.AccountPage.editAccountInformationOption(AccountPage.java:22)
at pageObject.AccountPage.editAccountInformationOption(AccountPage.java:22)
at pageObject.AccountPage.editAccountInformationOption(AccountPage.java:22)
at pageObject.AccountPage.editAccountInformationOption(AccountPage.java:22)
at pageObject.AccountPage.editAccountInformationOption(AccountPage.java:22)
at pageObject.AccountPage.editAccountInformationOption(AccountPage.java:22)
at pageObject.AccountPage.editAccountInformationOption(AccountPage.java:22)
at pageObject.AccountPage.editAccountInformationOption(AccountPage.java:22)
at pageObject.AccountPage.editAccountInformationOption(AccountPage.java:22)
at pageObject.AccountPage.editAccountInformationOption(AccountPage.java:22)
at pageObject.AccountPage.editAccountInformationOption(AccountPage.java:22)
at pageObject.AccountPage.editAccountInformationOption(AccountPage.java:22)
at pageObject.AccountPage.editAccountInformationOption(AccountPage.java:22)
at pageObject.AccountPage.editAccountInformationOption(AccountPage.java:22)
at pageObject.AccountPage.editAccountInformationOption(AccountPage.java:22)
at pageObject.AccountPage.editAccountInformationOption(AccountPage.java:22)
at pageObject.AccountPage.editAccountInformationOption(AccountPage.java:22)
at pageObject.AccountPage.editAccountInformationOption(AccountPage.java:22)
at pageObject.AccountPage.editAccountInformationOption(AccountPage.java:22)
at pageObject.AccountPage.editAccountInformationOption(AccountPage.java:22)
at pageObject.AccountPage.editAccountInformationOption(AccountPage.java:22)
at pageObject.AccountPage.editAccountInformationOption(AccountPage.java:22)
at pageObject.AccountPage.editAccountInformationOption(AccountPage.java:22)
at pageObject.AccountPage.editAccountInformationOption(AccountPage.java:22)
at pageObject.AccountPage.editAccountInformationOption(AccountPage.java:22)
at pageObject.AccountPage.editAccountInformationOption(AccountPage.java:22)
at pageObject.AccountPage.editAccountInformationOption(AccountPage.java:22)
at pageObject.AccountPage.editAccountInformationOption(AccountPage.java:22)
at pageObject.AccountPage.editAccountInformationOption(AccountPage.java:22)
at pageObject.AccountPage.editAccountInformationOption(AccountPage.java:22)
at pageObject.AccountPage.editAccountInformationOption(AccountPage.java:22)
at pageObject.AccountPage.editAccountInformationOption(AccountPage.java:22)
at pageObject.AccountPage.editAccountInformationOption(AccountPage.java:22)
at pageObject.AccountPage.editAccountInformationOption(AccountPage.java:22)
at pageObject.AccountPage.editAccountInformationOption(AccountPage.java:22)
at pageObject.AccountPage.editAccountInformationOption(AccountPage.java:22)
at pageObject.AccountPage.editAccountInformationOption(AccountPage.java:22)
at pageObject.AccountPage.editAccountInformationOption(AccountPage.java:22)
at pageObject.AccountPage.editAccountInformationOption(AccountPage.java:22)
at pageObject.AccountPage.editAccountInformationOption(AccountPage.java:22)
at pageObject.AccountPage.editAccountInformationOption(AccountPage.java:22)
at pageObject.AccountPage.editAccountInformationOption(AccountPage.java:22)
at pageObject.AccountPage.editAccountInformationOption(AccountPage.java:22)
at pageObject.AccountPage.editAccountInformationOption(AccountPage.java:22)
at pageObject.AccountPage.editAccountInformationOption(AccountPage.java:22)
at pageObject.AccountPage.editAccountInformationOption(AccountPage.java:22)
at pageObject.AccountPage.editAccountInformationOption(AccountPage.java:22)
at pageObject.AccountPage.editAccountInformationOption(AccountPage.java:22)
at pageObject.AccountPage.editAccountInformationOption(AccountPage.java:22)
at pageObject.AccountPage.editAccountInformationOption(AccountPage.java:22)
at pageObject.AccountPage.editAccountInformationOption(AccountPage.java:22)
at pageObject.AccountPage.editAccountInformationOption(AccountPage.java:22)
at pageObject.AccountPage.editAccountInformationOption(AccountPage.java:22)
at pageObject.AccountPage.editAccountInformationOption(AccountPage.java:22)
at pageObject.AccountPage.editAccountInformationOption(AccountPage.java:22)
at pageObject.AccountPage.editAccountInformationOption(AccountPage.java:22)
at pageObject.AccountPage.editAccountInformationOption(AccountPage.java:22)
at pageObject.AccountPage.editAccountInformationOption(AccountPage.java:22)
at pageObject.AccountPage.editAccountInformationOption(AccountPage.java:22)
at pageObject.AccountPage.editAccountInformationOption(AccountPage.java:22)
at pageObject.AccountPage.editAccountInformationOption(AccountPage.java:22)
at pageObject.AccountPage.editAccountInformationOption(AccountPage.java:22)
at pageObject.AccountPage.editAccountInformationOption(AccountPage.java:22)
at pageObject.AccountPage.editAccountInformationOption(AccountPage.java:22)
at pageObject.AccountPage.editAccountInformationOption(AccountPage.java:22)
at pageObject.AccountPage.editAccountInformationOption(AccountPage.java:22)
at pageObject.AccountPage.editAccountInformationOption(AccountPage.java:22)
at pageObject.AccountPage.editAccountInformationOption(AccountPage.java:22)
at pageObject.AccountPage.editAccountInformationOption(AccountPage.java:22)
at pageObject.AccountPage.editAccountInformationOption(AccountPage.java:22)
at pageObject.AccountPage.editAccountInformationOption(AccountPage.java:22)
at pageObject.AccountPage.editAccountInformationOption(AccountPage.java:22)
at pageObject.AccountPage.editAccountInformationOption(AccountPage.java:22)
at pageObject.AccountPage.editAccountInformationOption(AccountPage.java:22)
at pageObject.AccountPage.editAccountInformationOption(AccountPage.java:22)
at pageObject.AccountPage.editAccountInformationOption(AccountPage.java:22)
at pageObject.AccountPage.editAccountInformationOption(AccountPage.java:22)
at pageObject.AccountPage.editAccountInformationOption(AccountPage.java:22)
at pageObject.AccountPage.editAccountInformationOption(AccountPage.java:22)
at pageObject.AccountPage.editAccountInformationOption(AccountPage.java:22)
at pageObject.AccountPage.editAccountInformationOption(AccountPage.java:22)
at pageObject.AccountPage.editAccountInformationOption(AccountPage.java:22)
at pageObject.AccountPage.editAccountInformationOption(AccountPage.java:22)
at pageObject.AccountPage.editAccountInformationOption(AccountPage.java:22)
at pageObject.AccountPage.editAccountInformationOption(AccountPage.java:22)
at pageObject.AccountPage.editAccountInformationOption(AccountPage.java:22)
at pageObject.AccountPage.editAccountInformationOption(AccountPage.java:22)
at pageObject.AccountPage.editAccountInformationOption(AccountPage.java:22)
at pageObject.AccountPage.editAccountInformationOption(AccountPage.java:22)
at pageObject.AccountPage.editAccountInformationOption(AccountPage.java:22)
at pageObject.AccountPage.editAccountInformationOption(AccountPage.java:22)
at pageObject.AccountPage.editAccountInformationOption(AccountPage.java:22)
at pageObject.AccountPage.editAccountInformationOption(AccountPage.java:22)
at pageObject.AccountPage.editAccountInformationOption(AccountPage.java:22)
at pageObject.AccountPage.editAccountInformationOption(AccountPage.java:22)
at pageObject.AccountPage.editAccountInformationOption(AccountPage.java:22)
at pageObject.AccountPage.editAccountInformationOption(AccountPage.java:22)
at pageObject.AccountPage.editAccountInformationOption(AccountPage.java:22)
at pageObject.AccountPage.editAccountInformationOption(AccountPage.java:22)
at pageObject.AccountPage.editAccountInformationOption(AccountPage.java:22)
at pageObject.AccountPage.editAccountInformationOption(AccountPage.java:22)
at pageObject.AccountPage.editAccountInformationOption(AccountPage.java:22)
at pageObject.AccountPage.editAccountInformationOption(AccountPage.java:22)
at pageObject.AccountPage.editAccountInformationOption(AccountPage.java:22)
at pageObject.AccountPage.editAccountInformationOption(AccountPage.java:22)
at pageObject.AccountPage.editAccountInformationOption(AccountPage.java:22)
at pageObject.AccountPage.editAccountInformationOption(AccountPage.java:22)
at pageObject.AccountPage.editAccountInformationOption(AccountPage.java:22)
at pageObject.AccountPage.editAccountInformationOption(AccountPage.java:22)
at pageObject.AccountPage.editAccountInformationOption(AccountPage.java:22)
at pageObject.AccountPage.editAccountInformationOption(AccountPage.java:22)
at pageObject.AccountPage.editAccountInformationOption(AccountPage.java:22)
at pageObject.AccountPage.editAccountInformationOption(AccountPage.java:22)
at pageObject.AccountPage.editAccountInformationOption(AccountPage.java:22)
at pageObject.AccountPage.editAccountInformationOption(AccountPage.java:22)
at pageObject.AccountPage.editAccountInformationOption(AccountPage.java:22)
at pageObject.AccountPage.editAccountInformationOption(AccountPage.java:22)
at pageObject.AccountPage.editAccountInformationOption(AccountPage.java:22)
at pageObject.AccountPage.editAccountInformationOption(AccountPage.java:22)
at pageObject.AccountPage.editAccountInformationOption(AccountPage.java:22)
at pageObject.AccountPage.editAccountInformationOption(AccountPage.java:22)
at pageObject.AccountPage.editAccountInformationOption(AccountPage.java:22)
at pageObject.AccountPage.editAccountInformationOption(AccountPage.java:22)
at pageObject.AccountPage.editAccountInformationOption(AccountPage.java:22)
at pageObject.AccountPage.editAccountInformationOption(AccountPage.java:22)
at pageObject.AccountPage.editAccountInformationOption(AccountPage.java:22)
at pageObject.AccountPage.editAccountInformationOption(AccountPage.java:22)
at pageObject.AccountPage.editAccountInformationOption(AccountPage.java:22)
at pageObject.AccountPage.editAccountInformationOption(AccountPage.java:22)
at pageObject.AccountPage.editAccountInformationOption(AccountPage.java:22)
at pageObject.AccountPage.editAccountInformationOption(AccountPage.java:22)
at pageObject.AccountPage.editAccountInformationOption(AccountPage.java:22)
at pageObject.AccountPage.editAccountInformationOption(AccountPage.java:22)
at pageObject.AccountPage.editAccountInformationOption(AccountPage.java:22)
at pageObject.AccountPage.editAccountInformationOption(AccountPage.java:22)
]]>
    </failure>
  </testcase> <!-- login -->
</testsuite> <!-- Test Basics 1 -->
